# JRE version: OpenJDK Runtime Environment (8.0_282-b08) (build 1.8.0_282-b08)
# Java VM: OpenJDK 64-Bit Server VM (25.282-b08 mixed mode linux-amd64 compressed oops)
Heap:
 def new generation   total 13248K, used 12135K [0x00000000c0000000, 0x00000000c0e60000, 0x00000000d5550000)
  eden space 11776K,  93% used [0x00000000c0000000, 0x00000000c0aba1e0, 0x00000000c0b80000)
  from space 1472K,  78% used [0x00000000c0b80000, 0x00000000c0c9fab8, 0x00000000c0cf0000)
  to   space 1472K,   0% used [0x00000000c0cf0000, 0x00000000c0cf0000, 0x00000000c0e60000)
 tenured generation   total 29256K, used 28046K [0x00000000d5550000, 0x00000000d71e2000, 0x0000000100000000)
   the space 29256K,  95% used [0x00000000d5550000, 0x00000000d70b3b50, 0x00000000d70b3c00, 0x00000000d71e2000)
 Metaspace       used 46622K, capacity 47474K, committed 47744K, reserved 1091584K
  class space    used 6236K, capacity 6501K, committed 6528K, reserved 1048576K
GC Heap History (180 events):
Event: 0.129 GC heap before
{Heap before GC invocations=0 (full 0):
 def new generation   total 4928K, used 4416K [0x00000000c0000000, 0x00000000c0550000, 0x00000000d5550000)
  eden space 4416K, 100% used [0x00000000c0000000, 0x00000000c0450000, 0x00000000c0450000)
  from space 512K,   0% used [0x00000000c0450000, 0x00000000c0450000, 0x00000000c04d0000)
  to   space 512K,   0% used [0x00000000c04d0000, 0x00000000c04d0000, 0x00000000c0550000)
 tenured generation   total 10944K, used 0K [0x00000000d5550000, 0x00000000d6000000, 0x0000000100000000)
   the space 10944K,   0% used [0x00000000d5550000, 0x00000000d5550000, 0x00000000d5550200, 0x00000000d6000000)
 Metaspace       used 3720K, capacity 4664K, committed 4864K, reserved 1056768K
  class space    used 365K, capacity 424K, committed 512K, reserved 1048576K
Event: 0.131 GC heap after
Heap after GC invocations=1 (full 0):
 def new generation   total 4928K, used 512K [0x00000000c0000000, 0x00000000c0550000, 0x00000000d5550000)
  eden space 4416K,   0% used [0x00000000c0000000, 0x00000000c0000000, 0x00000000c0450000)
  from space 512K, 100% used [0x00000000c04d0000, 0x00000000c0550000, 0x00000000c0550000)
  to   space 512K,   0% used [0x00000000c0450000, 0x00000000c0450000, 0x00000000c04d0000)
 tenured generation   total 10944K, used 108K [0x00000000d5550000, 0x00000000d6000000, 0x0000000100000000)
   the space 10944K,   0% used [0x00000000d5550000, 0x00000000d556b0f0, 0x00000000d556b200, 0x00000000d6000000)
 Metaspace       used 3720K, capacity 4664K, committed 4864K, reserved 1056768K
  class space    used 365K, capacity 424K, committed 512K, reserved 1048576K
}
Event: 0.208 GC heap before
{Heap before GC invocations=1 (full 0):
 def new generation   total 4928K, used 4928K [0x00000000c0000000, 0x00000000c0550000, 0x00000000d5550000)
  eden space 4416K, 100% used [0x00000000c0000000, 0x00000000c0450000, 0x00000000c0450000)
  from space 512K, 100% used [0x00000000c04d0000, 0x00000000c0550000, 0x00000000c0550000)
  to   space 512K,   0% used [0x00000000c0450000, 0x00000000c0450000, 0x00000000c04d0000)
 tenured generation   total 10944K, used 108K [0x00000000d5550000, 0x00000000d6000000, 0x0000000100000000)
   the space 10944K,   0% used [0x00000000d5550000, 0x00000000d556b0f0, 0x00000000d556b200, 0x00000000d6000000)
 Metaspace       used 4252K, capacity 5008K, committed 5120K, reserved 1056768K
  class space    used 446K, capacity 496K, committed 512K, reserved 1048576K
Event: 0.210 GC heap after
Heap after GC invocations=2 (full 0):
 def new generation   total 4928K, used 512K [0x00000000c0000000, 0x00000000c0550000, 0x00000000d5550000)
  eden space 4416K,   0% used [0x00000000c0000000, 0x00000000c0000000, 0x00000000c0450000)
  from space 512K, 100% used [0x00000000c0450000, 0x00000000c04d0000, 0x00000000c04d0000)
  to   space 512K,   0% used [0x00000000c04d0000, 0x00000000c04d0000, 0x00000000c0550000)
 tenured generation   total 10944K, used 666K [0x00000000d5550000, 0x00000000d6000000, 0x0000000100000000)
   the space 10944K,   6% used [0x00000000d5550000, 0x00000000d55f6a20, 0x00000000d55f6c00, 0x00000000d6000000)
 Metaspace       used 4252K, capacity 5008K, committed 5120K, reserved 1056768K
  class space    used 446K, capacity 496K, committed 512K, reserved 1048576K
}
Event: 0.298 GC heap before
{Heap before GC invocations=2 (full 0):
 def new generation   total 4928K, used 4928K [0x00000000c0000000, 0x00000000c0550000, 0x00000000d5550000)
  eden space 4416K, 100% used [0x00000000c0000000, 0x00000000c0450000, 0x00000000c0450000)
  from space 512K, 100% used [0x00000000c0450000, 0x00000000c04d0000, 0x00000000c04d0000)
  to   space 512K,   0% used [0x00000000c04d0000, 0x00000000c04d0000, 0x00000000c0550000)
 tenured generation   total 10944K, used 666K [0x00000000d5550000, 0x00000000d6000000, 0x0000000100000000)
   the space 10944K,   6% used [0x00000000d5550000, 0x00000000d55f6a20, 0x00000000d55f6c00, 0x00000000d6000000)
 Metaspace       used 6046K, capacity 6192K, committed 6400K, reserved 1056768K
  class space    used 681K, capacity 748K, committed 768K, reserved 1048576K
Event: 0.300 GC heap after
Heap after GC invocations=3 (full 0):
 def new generation   total 4928K, used 512K [0x00000000c0000000, 0x00000000c0550000, 0x00000000d5550000)
  eden space 4416K,   0% used [0x00000000c0000000, 0x00000000c0000000, 0x00000000c0450000)
  from space 512K, 100% used [0x00000000c04d0000, 0x00000000c0550000, 0x00000000c0550000)
  to   space 512K,   0% used [0x00000000c0450000, 0x00000000c0450000, 0x00000000c04d0000)
 tenured generation   total 10944K, used 1217K [0x00000000d5550000, 0x00000000d6000000, 0x0000000100000000)
   the space 10944K,  11% used [0x00000000d5550000, 0x00000000d56805b0, 0x00000000d5680600, 0x00000000d6000000)
 Metaspace       used 6046K, capacity 6192K, committed 6400K, reserved 1056768K
  class space    used 681K, capacity 748K, committed 768K, reserved 1048576K
}
Event: 0.344 GC heap before
{Heap before GC invocations=3 (full 0):
 def new generation   total 4928K, used 4924K [0x00000000c0000000, 0x00000000c0550000, 0x00000000d5550000)
  eden space 4416K,  99% used [0x00000000c0000000, 0x00000000c044f2d8, 0x00000000c0450000)
  from space 512K, 100% used [0x00000000c04d0000, 0x00000000c0550000, 0x00000000c0550000)
  to   space 512K,   0% used [0x00000000c0450000, 0x00000000c0450000, 0x00000000c04d0000)
 tenured generation   total 10944K, used 1217K [0x00000000d5550000, 0x00000000d6000000, 0x0000000100000000)
   the space 10944K,  11% used [0x00000000d5550000, 0x00000000d56805b0, 0x00000000d5680600, 0x00000000d6000000)
 Metaspace       used 6315K, capacity 6480K, committed 6784K, reserved 1056768K
  class space    used 731K, capacity 780K, committed 896K, reserved 1048576K
Event: 0.347 GC heap after
Heap after GC invocations=4 (full 0):
 def new generation   total 4928K, used 512K [0x00000000c0000000, 0x00000000c0550000, 0x00000000d5550000)
  eden space 4416K,   0% used [0x00000000c0000000, 0x00000000c0000000, 0x00000000c0450000)
  from space 512K, 100% used [0x00000000c0450000, 0x00000000c04d0000, 0x00000000c04d0000)
  to   space 512K,   0% used [0x00000000c04d0000, 0x00000000c04d0000, 0x00000000c0550000)
 tenured generation   total 10944K, used 1741K [0x00000000d5550000, 0x00000000d6000000, 0x0000000100000000)
   the space 10944K,  15% used [0x00000000d5550000, 0x00000000d5703510, 0x00000000d5703600, 0x00000000d6000000)
 Metaspace       used 6315K, capacity 6480K, committed 6784K, reserved 1056768K
  class space    used 731K, capacity 780K, committed 896K, reserved 1048576K
}
Event: 0.425 GC heap before
{Heap before GC invocations=4 (full 0):
 def new generation   total 4928K, used 4928K [0x00000000c0000000, 0x00000000c0550000, 0x00000000d5550000)
  eden space 4416K, 100% used [0x00000000c0000000, 0x00000000c0450000, 0x00000000c0450000)
  from space 512K, 100% used [0x00000000c0450000, 0x00000000c04d0000, 0x00000000c04d0000)
  to   space 512K,   0% used [0x00000000c04d0000, 0x00000000c04d0000, 0x00000000c0550000)
 tenured generation   total 10944K, used 1741K [0x00000000d5550000, 0x00000000d6000000, 0x0000000100000000)
   the space 10944K,  15% used [0x00000000d5550000, 0x00000000d5703510, 0x00000000d5703600, 0x00000000d6000000)
 Metaspace       used 7007K, capacity 7120K, committed 7424K, reserved 1056768K
  class space    used 826K, capacity 908K, committed 1024K, reserved 1048576K
Event: 0.427 GC heap after
Heap after GC invocations=5 (full 0):
 def new generation   total 4928K, used 512K [0x00000000c0000000, 0x00000000c0550000, 0x00000000d5550000)
  eden space 4416K,   0% used [0x00000000c0000000, 0x00000000c0000000, 0x00000000c0450000)
  from space 512K, 100% used [0x00000000c04d0000, 0x00000000c0550000, 0x00000000c0550000)
  to   space 512K,   0% used [0x00000000c0450000, 0x00000000c0450000, 0x00000000c04d0000)
 tenured generation   total 10944K, used 2244K [0x00000000d5550000, 0x00000000d6000000, 0x0000000100000000)
   the space 10944K,  20% used [0x00000000d5550000, 0x00000000d5781188, 0x00000000d5781200, 0x00000000d6000000)
 Metaspace       used 7007K, capacity 7120K, committed 7424K, reserved 1056768K
  class space    used 826K, capacity 908K, committed 1024K, reserved 1048576K
}
Event: 0.455 GC heap before
{Heap before GC invocations=5 (full 0):
 def new generation   total 4928K, used 4928K [0x00000000c0000000, 0x00000000c0550000, 0x00000000d5550000)
  eden space 4416K, 100% used [0x00000000c0000000, 0x00000000c0450000, 0x00000000c0450000)
  from space 512K, 100% used [0x00000000c04d0000, 0x00000000c0550000, 0x00000000c0550000)
  to   space 512K,   0% used [0x00000000c0450000, 0x00000000c0450000, 0x00000000c04d0000)
 tenured generation   total 10944K, used 2244K [0x00000000d5550000, 0x00000000d6000000, 0x0000000100000000)
   the space 10944K,  20% used [0x00000000d5550000, 0x00000000d5781188, 0x00000000d5781200, 0x00000000d6000000)
 Metaspace       used 7138K, capacity 7248K, committed 7424K, reserved 1056768K
  class space    used 835K, capacity 908K, committed 1024K, reserved 1048576K
Event: 0.457 GC heap after
Heap after GC invocations=6 (full 0):
 def new generation   total 4928K, used 248K [0x00000000c0000000, 0x00000000c0550000, 0x00000000d5550000)
  eden space 4416K,   0% used [0x00000000c0000000, 0x00000000c0000000, 0x00000000c0450000)
  from space 512K,  48% used [0x00000000c0450000, 0x00000000c048e2b0, 0x00000000c04d0000)
  to   space 512K,   0% used [0x00000000c04d0000, 0x00000000c04d0000, 0x00000000c0550000)
 tenured generation   total 10944K, used 2449K [0x00000000d5550000, 0x00000000d6000000, 0x0000000100000000)
   the space 10944K,  22% used [0x00000000d5550000, 0x00000000d57b4570, 0x00000000d57b4600, 0x00000000d6000000)
 Metaspace       used 7138K, capacity 7248K, committed 7424K, reserved 1056768K
  class space    used 835K, capacity 908K, committed 1024K, reserved 1048576K
}
Event: 0.475 GC heap before
{Heap before GC invocations=6 (full 0):
 def new generation   total 4928K, used 4664K [0x00000000c0000000, 0x00000000c0550000, 0x00000000d5550000)
  eden space 4416K, 100% used [0x00000000c0000000, 0x00000000c0450000, 0x00000000c0450000)
  from space 512K,  48% used [0x00000000c0450000, 0x00000000c048e2b0, 0x00000000c04d0000)
  to   space 512K,   0% used [0x00000000c04d0000, 0x00000000c04d0000, 0x00000000c0550000)
 tenured generation   total 10944K, used 2449K [0x00000000d5550000, 0x00000000d6000000, 0x0000000100000000)
   the space 10944K,  22% used [0x00000000d5550000, 0x00000000d57b4570, 0x00000000d57b4600, 0x00000000d6000000)
 Metaspace       used 7148K, capacity 7312K, committed 7680K, reserved 1056768K
  class space    used 835K, capacity 908K, committed 1024K, reserved 1048576K
Event: 0.475 GC heap after
Heap after GC invocations=7 (full 0):
 def new generation   total 4928K, used 181K [0x00000000c0000000, 0x00000000c0550000, 0x00000000d5550000)
  eden space 4416K,   0% used [0x00000000c0000000, 0x00000000c0000000, 0x00000000c0450000)
  from space 512K,  35% used [0x00000000c04d0000, 0x00000000c04fd700, 0x00000000c0550000)
  to   space 512K,   0% used [0x00000000c0450000, 0x00000000c0450000, 0x00000000c04d0000)
 tenured generation   total 10944K, used 2449K [0x00000000d5550000, 0x00000000d6000000, 0x0000000100000000)
   the space 10944K,  22% used [0x00000000d5550000, 0x00000000d57b4570, 0x00000000d57b4600, 0x00000000d6000000)
 Metaspace       used 7148K, capacity 7312K, committed 7680K, reserved 1056768K
  class space    used 835K, capacity 908K, committed 1024K, reserved 1048576K
}
Event: 0.489 GC heap before
{Heap before GC invocations=7 (full 0):
 def new generation   total 4928K, used 4597K [0x00000000c0000000, 0x00000000c0550000, 0x00000000d5550000)
  eden space 4416K, 100% used [0x00000000c0000000, 0x00000000c0450000, 0x00000000c0450000)
  from space 512K,  35% used [0x00000000c04d0000, 0x00000000c04fd700, 0x00000000c0550000)
  to   space 512K,   0% used [0x00000000c0450000, 0x00000000c0450000, 0x00000000c04d0000)
 tenured generation   total 10944K, used 2449K [0x00000000d5550000, 0x00000000d6000000, 0x0000000100000000)
   the space 10944K,  22% used [0x00000000d5550000, 0x00000000d57b4570, 0x00000000d57b4600, 0x00000000d6000000)
 Metaspace       used 7153K, capacity 7312K, committed 7680K, reserved 1056768K
  class space    used 835K, capacity 908K, committed 1024K, reserved 1048576K
Event: 0.490 GC heap after
Heap after GC invocations=8 (full 0):
 def new generation   total 4928K, used 177K [0x00000000c0000000, 0x00000000c0550000, 0x00000000d5550000)
  eden space 4416K,   0% used [0x00000000c0000000, 0x00000000c0000000, 0x00000000c0450000)
  from space 512K,  34% used [0x00000000c0450000, 0x00000000c047c418, 0x00000000c04d0000)
  to   space 512K,   0% used [0x00000000c04d0000, 0x00000000c04d0000, 0x00000000c0550000)
 tenured generation   total 10944K, used 2449K [0x00000000d5550000, 0x00000000d6000000, 0x0000000100000000)
   the space 10944K,  22% used [0x00000000d5550000, 0x00000000d57b4570, 0x00000000d57b4600, 0x00000000d6000000)
 Metaspace       used 7153K, capacity 7312K, committed 7680K, reserved 1056768K
  class space    used 835K, capacity 908K, committed 1024K, reserved 1048576K
}
Event: 0.513 GC heap before
{Heap before GC invocations=8 (full 0):
 def new generation   total 4928K, used 4593K [0x00000000c0000000, 0x00000000c0550000, 0x00000000d5550000)
  eden space 4416K, 100% used [0x00000000c0000000, 0x00000000c0450000, 0x00000000c0450000)
  from space 512K,  34% used [0x00000000c0450000, 0x00000000c047c418, 0x00000000c04d0000)
  to   space 512K,   0% used [0x00000000c04d0000, 0x00000000c04d0000, 0x00000000c0550000)
 tenured generation   total 10944K, used 2449K [0x00000000d5550000, 0x00000000d6000000, 0x0000000100000000)
   the space 10944K,  22% used [0x00000000d5550000, 0x00000000d57b4570, 0x00000000d57b4600, 0x00000000d6000000)
 Metaspace       used 7177K, capacity 7312K, committed 7680K, reserved 1056768K
  class space    used 835K, capacity 908K, committed 1024K, reserved 1048576K
Event: 0.514 GC heap after
Heap after GC invocations=9 (full 0):
 def new generation   total 4928K, used 511K [0x00000000c0000000, 0x00000000c0550000, 0x00000000d5550000)
  eden space 4416K,   0% used [0x00000000c0000000, 0x00000000c0000000, 0x00000000c0450000)
  from space 512K,  99% used [0x00000000c04d0000, 0x00000000c054fff8, 0x00000000c0550000)
  to   space 512K,   0% used [0x00000000c0450000, 0x00000000c0450000, 0x00000000c04d0000)
 tenured generation   total 10944K, used 2527K [0x00000000d5550000, 0x00000000d6000000, 0x0000000100000000)
   the space 10944K,  23% used [0x00000000d5550000, 0x00000000d57c7d90, 0x00000000d57c7e00, 0x00000000d6000000)
 Metaspace       used 7177K, capacity 7312K, committed 7680K, reserved 1056768K
  class space    used 835K, capacity 908K, committed 1024K, reserved 1048576K
}
Event: 0.562 GC heap before
{Heap before GC invocations=9 (full 0):
 def new generation   total 4928K, used 4927K [0x00000000c0000000, 0x00000000c0550000, 0x00000000d5550000)
  eden space 4416K, 100% used [0x00000000c0000000, 0x00000000c0450000, 0x00000000c0450000)
  from space 512K,  99% used [0x00000000c04d0000, 0x00000000c054fff8, 0x00000000c0550000)
  to   space 512K,   0% used [0x00000000c0450000, 0x00000000c0450000, 0x00000000c04d0000)
 tenured generation   total 10944K, used 2527K [0x00000000d5550000, 0x00000000d6000000, 0x0000000100000000)
   the space 10944K,  23% used [0x00000000d5550000, 0x00000000d57c7d90, 0x00000000d57c7e00, 0x00000000d6000000)
 Metaspace       used 7237K, capacity 7388K, committed 7680K, reserved 1056768K
  class space    used 841K, capacity 912K, committed 1024K, reserved 1048576K
Event: 0.565 GC heap after
Heap after GC invocations=10 (full 0):
 def new generation   total 4928K, used 512K [0x00000000c0000000, 0x00000000c0550000, 0x00000000d5550000)
  eden space 4416K,   0% used [0x00000000c0000000, 0x00000000c0000000, 0x00000000c0450000)
  from space 512K, 100% used [0x00000000c0450000, 0x00000000c04d0000, 0x00000000c04d0000)
  to   space 512K,   0% used [0x00000000c04d0000, 0x00000000c04d0000, 0x00000000c0550000)
 tenured generation   total 10944K, used 2755K [0x00000000d5550000, 0x00000000d6000000, 0x0000000100000000)
   the space 10944K,  25% used [0x00000000d5550000, 0x00000000d5800dd0, 0x00000000d5800e00, 0x00000000d6000000)
 Metaspace       used 7237K, capacity 7388K, committed 7680K, reserved 1056768K
  class space    used 841K, capacity 912K, committed 1024K, reserved 1048576K
}
Event: 0.601 GC heap before
{Heap before GC invocations=10 (full 0):
 def new generation   total 4928K, used 4928K [0x00000000c0000000, 0x00000000c0550000, 0x00000000d5550000)
  eden space 4416K, 100% used [0x00000000c0000000, 0x00000000c0450000, 0x00000000c0450000)
  from space 512K, 100% used [0x00000000c0450000, 0x00000000c04d0000, 0x00000000c04d0000)
  to   space 512K,   0% used [0x00000000c04d0000, 0x00000000c04d0000, 0x00000000c0550000)
 tenured generation   total 10944K, used 2755K [0x00000000d5550000, 0x00000000d6000000, 0x0000000100000000)
   the space 10944K,  25% used [0x00000000d5550000, 0x00000000d5800dd0, 0x00000000d5800e00, 0x00000000d6000000)
 Metaspace       used 7321K, capacity 7560K, committed 7680K, reserved 1056768K
  class space    used 863K, capacity 948K, committed 1024K, reserved 1048576K
Event: 0.603 GC heap after
Heap after GC invocations=11 (full 0):
 def new generation   total 4928K, used 252K [0x00000000c0000000, 0x00000000c0550000, 0x00000000d5550000)
  eden space 4416K,   0% used [0x00000000c0000000, 0x00000000c0000000, 0x00000000c0450000)
  from space 512K,  49% used [0x00000000c04d0000, 0x00000000c050f070, 0x00000000c0550000)
  to   space 512K,   0% used [0x00000000c0450000, 0x00000000c0450000, 0x00000000c04d0000)
 tenured generation   total 10944K, used 3011K [0x00000000d5550000, 0x00000000d6000000, 0x0000000100000000)
   the space 10944K,  27% used [0x00000000d5550000, 0x00000000d5840fc8, 0x00000000d5841000, 0x00000000d6000000)
 Metaspace       used 7321K, capacity 7560K, committed 7680K, reserved 1056768K
  class space    used 863K, capacity 948K, committed 1024K, reserved 1048576K
}
Event: 0.624 GC heap before
{Heap before GC invocations=11 (full 0):
 def new generation   total 4928K, used 4668K [0x00000000c0000000, 0x00000000c0550000, 0x00000000d5550000)
  eden space 4416K, 100% used [0x00000000c0000000, 0x00000000c0450000, 0x00000000c0450000)
  from space 512K,  49% used [0x00000000c04d0000, 0x00000000c050f070, 0x00000000c0550000)
  to   space 512K,   0% used [0x00000000c0450000, 0x00000000c0450000, 0x00000000c04d0000)
 tenured generation   total 10944K, used 3011K [0x00000000d5550000, 0x00000000d6000000, 0x0000000100000000)
   the space 10944K,  27% used [0x00000000d5550000, 0x00000000d5840fc8, 0x00000000d5841000, 0x00000000d6000000)
 Metaspace       used 7475K, capacity 7690K, committed 7936K, reserved 1056768K
  class space    used 902K, capacity 1013K, committed 1024K, reserved 1048576K
Event: 0.625 GC heap after
Heap after GC invocations=12 (full 0):
 def new generation   total 4928K, used 384K [0x00000000c0000000, 0x00000000c0550000, 0x00000000d5550000)
  eden space 4416K,   0% used [0x00000000c0000000, 0x00000000c0000000, 0x00000000c0450000)
  from space 512K,  75% used [0x00000000c0450000, 0x00000000c04b0180, 0x00000000c04d0000)
  to   space 512K,   0% used [0x00000000c04d0000, 0x00000000c04d0000, 0x00000000c0550000)
 tenured generation   total 10944K, used 3011K [0x00000000d5550000, 0x00000000d6000000, 0x0000000100000000)
   the space 10944K,  27% used [0x00000000d5550000, 0x00000000d5840fc8, 0x00000000d5841000, 0x00000000d6000000)
 Metaspace       used 7475K, capacity 7690K, committed 7936K, reserved 1056768K
  class space    used 902K, capacity 1013K, committed 1024K, reserved 1048576K
}
Event: 0.666 GC heap before
{Heap before GC invocations=12 (full 0):
 def new generation   total 4928K, used 4800K [0x00000000c0000000, 0x00000000c0550000, 0x00000000d5550000)
  eden space 4416K, 100% used [0x00000000c0000000, 0x00000000c0450000, 0x00000000c0450000)
  from space 512K,  75% used [0x00000000c0450000, 0x00000000c04b0180, 0x00000000c04d0000)
  to   space 512K,   0% used [0x00000000c04d0000, 0x00000000c04d0000, 0x00000000c0550000)
 tenured generation   total 10944K, used 3011K [0x00000000d5550000, 0x00000000d6000000, 0x0000000100000000)
   the space 10944K,  27% used [0x00000000d5550000, 0x00000000d5840fc8, 0x00000000d5841000, 0x00000000d6000000)
 Metaspace       used 8176K, capacity 8330K, committed 8576K, reserved 1056768K
  class space    used 1008K, capacity 1077K, committed 1152K, reserved 1048576K
Event: 0.668 GC heap after
Heap after GC invocations=13 (full 0):
 def new generation   total 4928K, used 511K [0x00000000c0000000, 0x00000000c0550000, 0x00000000d5550000)
  eden space 4416K,   0% used [0x00000000c0000000, 0x00000000c0000000, 0x00000000c0450000)
  from space 512K,  99% used [0x00000000c04d0000, 0x00000000c054fff8, 0x00000000c0550000)
  to   space 512K,   0% used [0x00000000c0450000, 0x00000000c0450000, 0x00000000c04d0000)
 tenured generation   total 10944K, used 3358K [0x00000000d5550000, 0x00000000d6000000, 0x0000000100000000)
   the space 10944K,  30% used [0x00000000d5550000, 0x00000000d5897a78, 0x00000000d5897c00, 0x00000000d6000000)
 Metaspace       used 8176K, capacity 8330K, committed 8576K, reserved 1056768K
  class space    used 1008K, capacity 1077K, committed 1152K, reserved 1048576K
}
Event: 0.754 GC heap before
{Heap before GC invocations=13 (full 0):
 def new generation   total 4928K, used 4927K [0x00000000c0000000, 0x00000000c0550000, 0x00000000d5550000)
  eden space 4416K, 100% used [0x00000000c0000000, 0x00000000c0450000, 0x00000000c0450000)
  from space 512K,  99% used [0x00000000c04d0000, 0x00000000c054fff8, 0x00000000c0550000)
  to   space 512K,   0% used [0x00000000c0450000, 0x00000000c0450000, 0x00000000c04d0000)
 tenured generation   total 10944K, used 3358K [0x00000000d5550000, 0x00000000d6000000, 0x0000000100000000)
   the space 10944K,  30% used [0x00000000d5550000, 0x00000000d5897a78, 0x00000000d5897c00, 0x00000000d6000000)
 Metaspace       used 9690K, capacity 9840K, committed 10112K, reserved 1058816K
  class space    used 1212K, capacity 1286K, committed 1408K, reserved 1048576K
Event: 0.756 GC heap after
Heap after GC invocations=14 (full 0):
 def new generation   total 4928K, used 511K [0x00000000c0000000, 0x00000000c0550000, 0x00000000d5550000)
  eden space 4416K,   0% used [0x00000000c0000000, 0x00000000c0000000, 0x00000000c0450000)
  from space 512K,  99% used [0x00000000c0450000, 0x00000000c04cfff8, 0x00000000c04d0000)
  to   space 512K,   0% used [0x00000000c04d0000, 0x00000000c04d0000, 0x00000000c0550000)
 tenured generation   total 10944K, used 3994K [0x00000000d5550000, 0x00000000d6000000, 0x0000000100000000)
   the space 10944K,  36% used [0x00000000d5550000, 0x00000000d5936be8, 0x00000000d5936c00, 0x00000000d6000000)
 Metaspace       used 9690K, capacity 9840K, committed 10112K, reserved 1058816K
  class space    used 1212K, capacity 1286K, committed 1408K, reserved 1048576K
}
Event: 0.853 GC heap before
{Heap before GC invocations=14 (full 0):
 def new generation   total 4928K, used 4927K [0x00000000c0000000, 0x00000000c0550000, 0x00000000d5550000)
  eden space 4416K, 100% used [0x00000000c0000000, 0x00000000c0450000, 0x00000000c0450000)
  from space 512K,  99% used [0x00000000c0450000, 0x00000000c04cfff8, 0x00000000c04d0000)
  to   space 512K,   0% used [0x00000000c04d0000, 0x00000000c04d0000, 0x00000000c0550000)
 tenured generation   total 10944K, used 3994K [0x00000000d5550000, 0x00000000d6000000, 0x0000000100000000)
   the space 10944K,  36% used [0x00000000d5550000, 0x00000000d5936be8, 0x00000000d5936c00, 0x00000000d6000000)
 Metaspace       used 10911K, capacity 11114K, committed 11264K, reserved 1058816K
  class space    used 1392K, capacity 1487K, committed 1536K, reserved 1048576K
Event: 0.855 GC heap after
Heap after GC invocations=15 (full 0):
 def new generation   total 4928K, used 511K [0x00000000c0000000, 0x00000000c0550000, 0x00000000d5550000)
  eden space 4416K,   0% used [0x00000000c0000000, 0x00000000c0000000, 0x00000000c0450000)
  from space 512K,  99% used [0x00000000c04d0000, 0x00000000c054fff8, 0x00000000c0550000)
  to   space 512K,   0% used [0x00000000c0450000, 0x00000000c0450000, 0x00000000c04d0000)
 tenured generation   total 10944K, used 4614K [0x00000000d5550000, 0x00000000d6000000, 0x0000000100000000)
   the space 10944K,  42% used [0x00000000d5550000, 0x00000000d59d1bc8, 0x00000000d59d1c00, 0x00000000d6000000)
 Metaspace       used 10911K, capacity 11114K, committed 11264K, reserved 1058816K
  class space    used 1392K, capacity 1487K, committed 1536K, reserved 1048576K
}
Event: 0.982 GC heap before
{Heap before GC invocations=15 (full 0):
 def new generation   total 4928K, used 4927K [0x00000000c0000000, 0x00000000c0550000, 0x00000000d5550000)
  eden space 4416K, 100% used [0x00000000c0000000, 0x00000000c0450000, 0x00000000c0450000)
  from space 512K,  99% used [0x00000000c04d0000, 0x00000000c054fff8, 0x00000000c0550000)
  to   space 512K,   0% used [0x00000000c0450000, 0x00000000c0450000, 0x00000000c04d0000)
 tenured generation   total 10944K, used 4614K [0x00000000d5550000, 0x00000000d6000000, 0x0000000100000000)
   the space 10944K,  42% used [0x00000000d5550000, 0x00000000d59d1bc8, 0x00000000d59d1c00, 0x00000000d6000000)
 Metaspace       used 12160K, capacity 12404K, committed 12544K, reserved 1060864K
  class space    used 1553K, capacity 1674K, committed 1792K, reserved 1048576K
Event: 0.986 GC heap after
Heap after GC invocations=16 (full 0):
 def new generation   total 4928K, used 512K [0x00000000c0000000, 0x00000000c0550000, 0x00000000d5550000)
  eden space 4416K,   0% used [0x00000000c0000000, 0x00000000c0000000, 0x00000000c0450000)
  from space 512K, 100% used [0x00000000c0450000, 0x00000000c04d0000, 0x00000000c04d0000)
  to   space 512K,   0% used [0x00000000c04d0000, 0x00000000c04d0000, 0x00000000c0550000)
 tenured generation   total 10944K, used 5168K [0x00000000d5550000, 0x00000000d6000000, 0x0000000100000000)
   the space 10944K,  47% used [0x00000000d5550000, 0x00000000d5a5c208, 0x00000000d5a5c400, 0x00000000d6000000)
 Metaspace       used 12160K, capacity 12404K, committed 12544K, reserved 1060864K
  class space    used 1553K, capacity 1674K, committed 1792K, reserved 1048576K
}
Event: 1.066 GC heap before
{Heap before GC invocations=16 (full 0):
 def new generation   total 4928K, used 4928K [0x00000000c0000000, 0x00000000c0550000, 0x00000000d5550000)
  eden space 4416K, 100% used [0x00000000c0000000, 0x00000000c0450000, 0x00000000c0450000)
  from space 512K, 100% used [0x00000000c0450000, 0x00000000c04d0000, 0x00000000c04d0000)
  to   space 512K,   0% used [0x00000000c04d0000, 0x00000000c04d0000, 0x00000000c0550000)
 tenured generation   total 10944K, used 5168K [0x00000000d5550000, 0x00000000d6000000, 0x0000000100000000)
   the space 10944K,  47% used [0x00000000d5550000, 0x00000000d5a5c208, 0x00000000d5a5c400, 0x00000000d6000000)
 Metaspace       used 12709K, capacity 13028K, committed 13312K, reserved 1060864K
  class space    used 1651K, capacity 1762K, committed 1792K, reserved 1048576K
Event: 1.070 GC heap after
Heap after GC invocations=17 (full 0):
 def new generation   total 4928K, used 511K [0x00000000c0000000, 0x00000000c0550000, 0x00000000d5550000)
  eden space 4416K,   0% used [0x00000000c0000000, 0x00000000c0000000, 0x00000000c0450000)
  from space 512K,  99% used [0x00000000c04d0000, 0x00000000c054fff8, 0x00000000c0550000)
  to   space 512K,   0% used [0x00000000c0450000, 0x00000000c0450000, 0x00000000c04d0000)
 tenured generation   total 10944K, used 5527K [0x00000000d5550000, 0x00000000d6000000, 0x0000000100000000)
   the space 10944K,  50% used [0x00000000d5550000, 0x00000000d5ab5ef8, 0x00000000d5ab6000, 0x00000000d6000000)
 Metaspace       used 12709K, capacity 13028K, committed 13312K, reserved 1060864K
  class space    used 1651K, capacity 1762K, committed 1792K, reserved 1048576K
}
Event: 1.093 GC heap before
{Heap before GC invocations=17 (full 0):
 def new generation   total 4928K, used 4927K [0x00000000c0000000, 0x00000000c0550000, 0x00000000d5550000)
  eden space 4416K, 100% used [0x00000000c0000000, 0x00000000c0450000, 0x00000000c0450000)
  from space 512K,  99% used [0x00000000c04d0000, 0x00000000c054fff8, 0x00000000c0550000)
  to   space 512K,   0% used [0x00000000c0450000, 0x00000000c0450000, 0x00000000c04d0000)
 tenured generation   total 10944K, used 5527K [0x00000000d5550000, 0x00000000d6000000, 0x0000000100000000)
   the space 10944K,  50% used [0x00000000d5550000, 0x00000000d5ab5ef8, 0x00000000d5ab6000, 0x00000000d6000000)
 Metaspace       used 12854K, capacity 13156K, committed 13440K, reserved 1060864K
  class space    used 1685K, capacity 1826K, committed 1920K, reserved 1048576K
Event: 1.094 GC heap after
Heap after GC invocations=18 (full 0):
 def new generation   total 4928K, used 235K [0x00000000c0000000, 0x00000000c0550000, 0x00000000d5550000)
  eden space 4416K,   0% used [0x00000000c0000000, 0x00000000c0000000, 0x00000000c0450000)
  from space 512K,  46% used [0x00000000c0450000, 0x00000000c048af78, 0x00000000c04d0000)
  to   space 512K,   0% used [0x00000000c04d0000, 0x00000000c04d0000, 0x00000000c0550000)
 tenured generation   total 10944K, used 5796K [0x00000000d5550000, 0x00000000d6000000, 0x0000000100000000)
   the space 10944K,  52% used [0x00000000d5550000, 0x00000000d5af9018, 0x00000000d5af9200, 0x00000000d6000000)
 Metaspace       used 12854K, capacity 13156K, committed 13440K, reserved 1060864K
  class space    used 1685K, capacity 1826K, committed 1920K, reserved 1048576K
}
Event: 1.135 GC heap before
{Heap before GC invocations=18 (full 0):
 def new generation   total 4928K, used 4651K [0x00000000c0000000, 0x00000000c0550000, 0x00000000d5550000)
  eden space 4416K, 100% used [0x00000000c0000000, 0x00000000c0450000, 0x00000000c0450000)
  from space 512K,  46% used [0x00000000c0450000, 0x00000000c048af78, 0x00000000c04d0000)
  to   space 512K,   0% used [0x00000000c04d0000, 0x00000000c04d0000, 0x00000000c0550000)
 tenured generation   total 10944K, used 5796K [0x00000000d5550000, 0x00000000d6000000, 0x0000000100000000)
   the space 10944K,  52% used [0x00000000d5550000, 0x00000000d5af9018, 0x00000000d5af9200, 0x00000000d6000000)
 Metaspace       used 13245K, capacity 13572K, committed 13824K, reserved 1060864K
  class space    used 1767K, capacity 1922K, committed 2048K, reserved 1048576K
Event: 1.137 GC heap after
Heap after GC invocations=19 (full 0):
 def new generation   total 4928K, used 511K [0x00000000c0000000, 0x00000000c0550000, 0x00000000d5550000)
  eden space 4416K,   0% used [0x00000000c0000000, 0x00000000c0000000, 0x00000000c0450000)
  from space 512K,  99% used [0x00000000c04d0000, 0x00000000c054fff8, 0x00000000c0550000)
  to   space 512K,   0% used [0x00000000c0450000, 0x00000000c0450000, 0x00000000c04d0000)
 tenured generation   total 10944K, used 5962K [0x00000000d5550000, 0x00000000d6000000, 0x0000000100000000)
   the space 10944K,  54% used [0x00000000d5550000, 0x00000000d5b22b20, 0x00000000d5b22c00, 0x00000000d6000000)
 Metaspace       used 13245K, capacity 13572K, committed 13824K, reserved 1060864K
  class space    used 1767K, capacity 1922K, committed 2048K, reserved 1048576K
}
Event: 1.163 GC heap before
{Heap before GC invocations=19 (full 0):
 def new generation   total 4928K, used 4927K [0x00000000c0000000, 0x00000000c0550000, 0x00000000d5550000)
  eden space 4416K, 100% used [0x00000000c0000000, 0x00000000c0450000, 0x00000000c0450000)
  from space 512K,  99% used [0x00000000c04d0000, 0x00000000c054fff8, 0x00000000c0550000)
  to   space 512K,   0% used [0x00000000c0450000, 0x00000000c0450000, 0x00000000c04d0000)
 tenured generation   total 10944K, used 5962K [0x00000000d5550000, 0x00000000d6000000, 0x0000000100000000)
   the space 10944K,  54% used [0x00000000d5550000, 0x00000000d5b22b20, 0x00000000d5b22c00, 0x00000000d6000000)
 Metaspace       used 13491K, capacity 13764K, committed 14080K, reserved 1060864K
  class space    used 1812K, capacity 1922K, committed 2048K, reserved 1048576K
Event: 1.166 GC heap after
Heap after GC invocations=20 (full 0):
 def new generation   total 4928K, used 460K [0x00000000c0000000, 0x00000000c0550000, 0x00000000d5550000)
  eden space 4416K,   0% used [0x00000000c0000000, 0x00000000c0000000, 0x00000000c0450000)
  from space 512K,  89% used [0x00000000c0450000, 0x00000000c04c3138, 0x00000000c04d0000)
  to   space 512K,   0% used [0x00000000c04d0000, 0x00000000c04d0000, 0x00000000c0550000)
 tenured generation   total 10944K, used 6231K [0x00000000d5550000, 0x00000000d6000000, 0x0000000100000000)
   the space 10944K,  56% used [0x00000000d5550000, 0x00000000d5b65c38, 0x00000000d5b65e00, 0x00000000d6000000)
 Metaspace       used 13491K, capacity 13764K, committed 14080K, reserved 1060864K
  class space    used 1812K, capacity 1922K, committed 2048K, reserved 1048576K
}
Event: 1.188 GC heap before
{Heap before GC invocations=20 (full 0):
 def new generation   total 4928K, used 4876K [0x00000000c0000000, 0x00000000c0550000, 0x00000000d5550000)
  eden space 4416K, 100% used [0x00000000c0000000, 0x00000000c0450000, 0x00000000c0450000)
  from space 512K,  89% used [0x00000000c0450000, 0x00000000c04c3138, 0x00000000c04d0000)
  to   space 512K,   0% used [0x00000000c04d0000, 0x00000000c04d0000, 0x00000000c0550000)
 tenured generation   total 10944K, used 6231K [0x00000000d5550000, 0x00000000d6000000, 0x0000000100000000)
   the space 10944K,  56% used [0x00000000d5550000, 0x00000000d5b65c38, 0x00000000d5b65e00, 0x00000000d6000000)
 Metaspace       used 13614K, capacity 13894K, committed 14080K, reserved 1060864K
  class space    used 1845K, capacity 1987K, committed 2048K, reserved 1048576K
Event: 1.190 GC heap after
Heap after GC invocations=21 (full 0):
 def new generation   total 4928K, used 230K [0x00000000c0000000, 0x00000000c0550000, 0x00000000d5550000)
  eden space 4416K,   0% used [0x00000000c0000000, 0x00000000c0000000, 0x00000000c0450000)
  from space 512K,  45% used [0x00000000c04d0000, 0x00000000c0509b40, 0x00000000c0550000)
  to   space 512K,   0% used [0x00000000c0450000, 0x00000000c0450000, 0x00000000c04d0000)
 tenured generation   total 10944K, used 6342K [0x00000000d5550000, 0x00000000d6000000, 0x0000000100000000)
   the space 10944K,  57% used [0x00000000d5550000, 0x00000000d5b81aa8, 0x00000000d5b81c00, 0x00000000d6000000)
 Metaspace       used 13614K, capacity 13894K, committed 14080K, reserved 1060864K
  class space    used 1845K, capacity 1987K, committed 2048K, reserved 1048576K
}
Event: 1.251 GC heap before
{Heap before GC invocations=21 (full 0):
 def new generation   total 4928K, used 4646K [0x00000000c0000000, 0x00000000c0550000, 0x00000000d5550000)
  eden space 4416K, 100% used [0x00000000c0000000, 0x00000000c0450000, 0x00000000c0450000)
  from space 512K,  45% used [0x00000000c04d0000, 0x00000000c0509b40, 0x00000000c0550000)
  to   space 512K,   0% used [0x00000000c0450000, 0x00000000c0450000, 0x00000000c04d0000)
 tenured generation   total 10944K, used 6342K [0x00000000d5550000, 0x00000000d6000000, 0x0000000100000000)
   the space 10944K,  57% used [0x00000000d5550000, 0x00000000d5b81aa8, 0x00000000d5b81c00, 0x00000000d6000000)
 Metaspace       used 14300K, capacity 14630K, committed 14976K, reserved 1062912K
  class space    used 1957K, capacity 2083K, committed 2176K, reserved 1048576K
Event: 1.254 GC heap after
Heap after GC invocations=22 (full 0):
 def new generation   total 4928K, used 511K [0x00000000c0000000, 0x00000000c0550000, 0x00000000d5550000)
  eden space 4416K,   0% used [0x00000000c0000000, 0x00000000c0000000, 0x00000000c0450000)
  from space 512K,  99% used [0x00000000c0450000, 0x00000000c04cfff0, 0x00000000c04d0000)
  to   space 512K,   0% used [0x00000000c04d0000, 0x00000000c04d0000, 0x00000000c0550000)
 tenured generation   total 10944K, used 6680K [0x00000000d5550000, 0x00000000d6000000, 0x0000000100000000)
   the space 10944K,  61% used [0x00000000d5550000, 0x00000000d5bd6238, 0x00000000d5bd6400, 0x00000000d6000000)
 Metaspace       used 14300K, capacity 14630K, committed 14976K, reserved 1062912K
  class space    used 1957K, capacity 2083K, committed 2176K, reserved 1048576K
}
Event: 1.309 GC heap before
{Heap before GC invocations=22 (full 0):
 def new generation   total 4928K, used 4927K [0x00000000c0000000, 0x00000000c0550000, 0x00000000d5550000)
  eden space 4416K, 100% used [0x00000000c0000000, 0x00000000c0450000, 0x00000000c0450000)
  from space 512K,  99% used [0x00000000c0450000, 0x00000000c04cfff0, 0x00000000c04d0000)
  to   space 512K,   0% used [0x00000000c04d0000, 0x00000000c04d0000, 0x00000000c0550000)
 tenured generation   total 10944K, used 6680K [0x00000000d5550000, 0x00000000d6000000, 0x0000000100000000)
   the space 10944K,  61% used [0x00000000d5550000, 0x00000000d5bd6238, 0x00000000d5bd6400, 0x00000000d6000000)
 Metaspace       used 14821K, capacity 15110K, committed 15360K, reserved 1062912K
  class space    used 2042K, capacity 2179K, committed 2304K, reserved 1048576K
Event: 1.312 GC heap after
Heap after GC invocations=23 (full 0):
 def new generation   total 4928K, used 512K [0x00000000c0000000, 0x00000000c0550000, 0x00000000d5550000)
  eden space 4416K,   0% used [0x00000000c0000000, 0x00000000c0000000, 0x00000000c0450000)
  from space 512K, 100% used [0x00000000c04d0000, 0x00000000c0550000, 0x00000000c0550000)
  to   space 512K,   0% used [0x00000000c0450000, 0x00000000c0450000, 0x00000000c04d0000)
 tenured generation   total 10944K, used 6932K [0x00000000d5550000, 0x00000000d6000000, 0x0000000100000000)
   the space 10944K,  63% used [0x00000000d5550000, 0x00000000d5c151d0, 0x00000000d5c15200, 0x00000000d6000000)
 Metaspace       used 14821K, capacity 15110K, committed 15360K, reserved 1062912K
  class space    used 2042K, capacity 2179K, committed 2304K, reserved 1048576K
}
Event: 1.385 GC heap before
{Heap before GC invocations=23 (full 0):
 def new generation   total 4928K, used 4928K [0x00000000c0000000, 0x00000000c0550000, 0x00000000d5550000)
  eden space 4416K, 100% used [0x00000000c0000000, 0x00000000c0450000, 0x00000000c0450000)
  from space 512K, 100% used [0x00000000c04d0000, 0x00000000c0550000, 0x00000000c0550000)
  to   space 512K,   0% used [0x00000000c0450000, 0x00000000c0450000, 0x00000000c04d0000)
 tenured generation   total 10944K, used 6932K [0x00000000d5550000, 0x00000000d6000000, 0x0000000100000000)
   the space 10944K,  63% used [0x00000000d5550000, 0x00000000d5c151d0, 0x00000000d5c15200, 0x00000000d6000000)
 Metaspace       used 15230K, capacity 15558K, committed 15872K, reserved 1062912K
  class space    used 2109K, capacity 2243K, committed 2304K, reserved 1048576K
Event: 1.388 GC heap after
Heap after GC invocations=24 (full 0):
 def new generation   total 4928K, used 511K [0x00000000c0000000, 0x00000000c0550000, 0x00000000d5550000)
  eden space 4416K,   0% used [0x00000000c0000000, 0x00000000c0000000, 0x00000000c0450000)
  from space 512K,  99% used [0x00000000c0450000, 0x00000000c04cfff8, 0x00000000c04d0000)
  to   space 512K,   0% used [0x00000000c04d0000, 0x00000000c04d0000, 0x00000000c0550000)
 tenured generation   total 10944K, used 7322K [0x00000000d5550000, 0x00000000d6000000, 0x0000000100000000)
   the space 10944K,  66% used [0x00000000d5550000, 0x00000000d5c76948, 0x00000000d5c76a00, 0x00000000d6000000)
 Metaspace       used 15230K, capacity 15558K, committed 15872K, reserved 1062912K
  class space    used 2109K, capacity 2243K, committed 2304K, reserved 1048576K
}
Event: 1.448 GC heap before
{Heap before GC invocations=24 (full 0):
 def new generation   total 4928K, used 4927K [0x00000000c0000000, 0x00000000c0550000, 0x00000000d5550000)
  eden space 4416K, 100% used [0x00000000c0000000, 0x00000000c0450000, 0x00000000c0450000)
  from space 512K,  99% used [0x00000000c0450000, 0x00000000c04cfff8, 0x00000000c04d0000)
  to   space 512K,   0% used [0x00000000c04d0000, 0x00000000c04d0000, 0x00000000c0550000)
 tenured generation   total 10944K, used 7322K [0x00000000d5550000, 0x00000000d6000000, 0x0000000100000000)
   the space 10944K,  66% used [0x00000000d5550000, 0x00000000d5c76948, 0x00000000d5c76a00, 0x00000000d6000000)
 Metaspace       used 15730K, capacity 16102K, committed 16256K, reserved 1062912K
  class space    used 2195K, capacity 2339K, committed 2432K, reserved 1048576K
Event: 1.451 GC heap after
Heap after GC invocations=25 (full 0):
 def new generation   total 4928K, used 482K [0x00000000c0000000, 0x00000000c0550000, 0x00000000d5550000)
  eden space 4416K,   0% used [0x00000000c0000000, 0x00000000c0000000, 0x00000000c0450000)
  from space 512K,  94% used [0x00000000c04d0000, 0x00000000c05489f0, 0x00000000c0550000)
  to   space 512K,   0% used [0x00000000c0450000, 0x00000000c0450000, 0x00000000c04d0000)
 tenured generation   total 10944K, used 7783K [0x00000000d5550000, 0x00000000d6000000, 0x0000000100000000)
   the space 10944K,  71% used [0x00000000d5550000, 0x00000000d5ce9fa0, 0x00000000d5cea000, 0x00000000d6000000)
 Metaspace       used 15730K, capacity 16102K, committed 16256K, reserved 1062912K
  class space    used 2195K, capacity 2339K, committed 2432K, reserved 1048576K
}
Event: 1.499 GC heap before
{Heap before GC invocations=25 (full 0):
 def new generation   total 4928K, used 4898K [0x00000000c0000000, 0x00000000c0550000, 0x00000000d5550000)
  eden space 4416K, 100% used [0x00000000c0000000, 0x00000000c0450000, 0x00000000c0450000)
  from space 512K,  94% used [0x00000000c04d0000, 0x00000000c05489f0, 0x00000000c0550000)
  to   space 512K,   0% used [0x00000000c0450000, 0x00000000c0450000, 0x00000000c04d0000)
 tenured generation   total 10944K, used 7783K [0x00000000d5550000, 0x00000000d6000000, 0x0000000100000000)
   the space 10944K,  71% used [0x00000000d5550000, 0x00000000d5ce9fa0, 0x00000000d5cea000, 0x00000000d6000000)
 Metaspace       used 16126K, capacity 16454K, committed 16768K, reserved 1062912K
  class space    used 2259K, capacity 2371K, committed 2432K, reserved 1048576K
Event: 1.502 GC heap after
Heap after GC invocations=26 (full 0):
 def new generation   total 4928K, used 461K [0x00000000c0000000, 0x00000000c0550000, 0x00000000d5550000)
  eden space 4416K,   0% used [0x00000000c0000000, 0x00000000c0000000, 0x00000000c0450000)
  from space 512K,  90% used [0x00000000c0450000, 0x00000000c04c3748, 0x00000000c04d0000)
  to   space 512K,   0% used [0x00000000c04d0000, 0x00000000c04d0000, 0x00000000c0550000)
 tenured generation   total 10944K, used 7882K [0x00000000d5550000, 0x00000000d6000000, 0x0000000100000000)
   the space 10944K,  72% used [0x00000000d5550000, 0x00000000d5d02b40, 0x00000000d5d02c00, 0x00000000d6000000)
 Metaspace       used 16126K, capacity 16454K, committed 16768K, reserved 1062912K
  class space    used 2259K, capacity 2371K, committed 2432K, reserved 1048576K
}
Event: 1.533 GC heap before
{Heap before GC invocations=26 (full 0):
 def new generation   total 4928K, used 4877K [0x00000000c0000000, 0x00000000c0550000, 0x00000000d5550000)
  eden space 4416K, 100% used [0x00000000c0000000, 0x00000000c0450000, 0x00000000c0450000)
  from space 512K,  90% used [0x00000000c0450000, 0x00000000c04c3748, 0x00000000c04d0000)
  to   space 512K,   0% used [0x00000000c04d0000, 0x00000000c04d0000, 0x00000000c0550000)
 tenured generation   total 10944K, used 7882K [0x00000000d5550000, 0x00000000d6000000, 0x0000000100000000)
   the space 10944K,  72% used [0x00000000d5550000, 0x00000000d5d02b40, 0x00000000d5d02c00, 0x00000000d6000000)
 Metaspace       used 16412K, capacity 16710K, committed 16896K, reserved 1062912K
  class space    used 2319K, capacity 2435K, committed 2560K, reserved 1048576K
Event: 1.535 GC heap after
Heap after GC invocations=27 (full 0):
 def new generation   total 4928K, used 337K [0x00000000c0000000, 0x00000000c0550000, 0x00000000d5550000)
  eden space 4416K,   0% used [0x00000000c0000000, 0x00000000c0000000, 0x00000000c0450000)
  from space 512K,  66% used [0x00000000c04d0000, 0x00000000c05247f0, 0x00000000c0550000)
  to   space 512K,   0% used [0x00000000c0450000, 0x00000000c0450000, 0x00000000c04d0000)
 tenured generation   total 10944K, used 7970K [0x00000000d5550000, 0x00000000d6000000, 0x0000000100000000)
   the space 10944K,  72% used [0x00000000d5550000, 0x00000000d5d18a78, 0x00000000d5d18c00, 0x00000000d6000000)
 Metaspace       used 16412K, capacity 16710K, committed 16896K, reserved 1062912K
  class space    used 2319K, capacity 2435K, committed 2560K, reserved 1048576K
}
Event: 1.601 GC heap before
{Heap before GC invocations=27 (full 0):
 def new generation   total 4928K, used 4753K [0x00000000c0000000, 0x00000000c0550000, 0x00000000d5550000)
  eden space 4416K, 100% used [0x00000000c0000000, 0x00000000c0450000, 0x00000000c0450000)
  from space 512K,  66% used [0x00000000c04d0000, 0x00000000c05247f0, 0x00000000c0550000)
  to   space 512K,   0% used [0x00000000c0450000, 0x00000000c0450000, 0x00000000c04d0000)
 tenured generation   total 10944K, used 7970K [0x00000000d5550000, 0x00000000d6000000, 0x0000000100000000)
   the space 10944K,  72% used [0x00000000d5550000, 0x00000000d5d18a78, 0x00000000d5d18c00, 0x00000000d6000000)
 Metaspace       used 16879K, capacity 17254K, committed 17408K, reserved 1064960K
  class space    used 2390K, capacity 2531K, committed 2560K, reserved 1048576K
Event: 1.603 GC heap after
Heap after GC invocations=28 (full 0):
 def new generation   total 4928K, used 511K [0x00000000c0000000, 0x00000000c0550000, 0x00000000d5550000)
  eden space 4416K,   0% used [0x00000000c0000000, 0x00000000c0000000, 0x00000000c0450000)
  from space 512K,  99% used [0x00000000c0450000, 0x00000000c04cff80, 0x00000000c04d0000)
  to   space 512K,   0% used [0x00000000c04d0000, 0x00000000c04d0000, 0x00000000c0550000)
 tenured generation   total 10944K, used 8057K [0x00000000d5550000, 0x00000000d6000000, 0x0000000100000000)
   the space 10944K,  73% used [0x00000000d5550000, 0x00000000d5d2e508, 0x00000000d5d2e600, 0x00000000d6000000)
 Metaspace       used 16879K, capacity 17254K, committed 17408K, reserved 1064960K
  class space    used 2390K, capacity 2531K, committed 2560K, reserved 1048576K
}
Event: 1.690 GC heap before
{Heap before GC invocations=28 (full 0):
 def new generation   total 4928K, used 4927K [0x00000000c0000000, 0x00000000c0550000, 0x00000000d5550000)
  eden space 4416K, 100% used [0x00000000c0000000, 0x00000000c0450000, 0x00000000c0450000)
  from space 512K,  99% used [0x00000000c0450000, 0x00000000c04cff80, 0x00000000c04d0000)
  to   space 512K,   0% used [0x00000000c04d0000, 0x00000000c04d0000, 0x00000000c0550000)
 tenured generation   total 10944K, used 8057K [0x00000000d5550000, 0x00000000d6000000, 0x0000000100000000)
   the space 10944K,  73% used [0x00000000d5550000, 0x00000000d5d2e508, 0x00000000d5d2e600, 0x00000000d6000000)
 Metaspace       used 17428K, capacity 17708K, committed 18048K, reserved 1064960K
  class space    used 2474K, capacity 2596K, committed 2688K, reserved 1048576K
Event: 1.694 GC heap after
Heap after GC invocations=29 (full 0):
 def new generation   total 4928K, used 511K [0x00000000c0000000, 0x00000000c0550000, 0x00000000d5550000)
  eden space 4416K,   0% used [0x00000000c0000000, 0x00000000c0000000, 0x00000000c0450000)
  from space 512K,  99% used [0x00000000c04d0000, 0x00000000c054ffb0, 0x00000000c0550000)
  to   space 512K,   0% used [0x00000000c0450000, 0x00000000c0450000, 0x00000000c04d0000)
 tenured generation   total 10944K, used 8249K [0x00000000d5550000, 0x00000000d6000000, 0x0000000100000000)
   the space 10944K,  75% used [0x00000000d5550000, 0x00000000d5d5e718, 0x00000000d5d5e800, 0x00000000d6000000)
 Metaspace       used 17428K, capacity 17708K, committed 18048K, reserved 1064960K
  class space    used 2474K, capacity 2596K, committed 2688K, reserved 1048576K
}
Event: 1.750 GC heap before
{Heap before GC invocations=29 (full 0):
 def new generation   total 4928K, used 4927K [0x00000000c0000000, 0x00000000c0550000, 0x00000000d5550000)
  eden space 4416K, 100% used [0x00000000c0000000, 0x00000000c0450000, 0x00000000c0450000)
  from space 512K,  99% used [0x00000000c04d0000, 0x00000000c054ffb0, 0x00000000c0550000)
  to   space 512K,   0% used [0x00000000c0450000, 0x00000000c0450000, 0x00000000c04d0000)
 tenured generation   total 10944K, used 8249K [0x00000000d5550000, 0x00000000d6000000, 0x0000000100000000)
   the space 10944K,  75% used [0x00000000d5550000, 0x00000000d5d5e718, 0x00000000d5d5e800, 0x00000000d6000000)
 Metaspace       used 18161K, capacity 18444K, committed 18688K, reserved 1064960K
  class space    used 2561K, capacity 2692K, committed 2816K, reserved 1048576K
Event: 1.753 GC heap after
Heap after GC invocations=30 (full 0):
 def new generation   total 4928K, used 512K [0x00000000c0000000, 0x00000000c0550000, 0x00000000d5550000)
  eden space 4416K,   0% used [0x00000000c0000000, 0x00000000c0000000, 0x00000000c0450000)
  from space 512K, 100% used [0x00000000c0450000, 0x00000000c04d0000, 0x00000000c04d0000)
  to   space 512K,   0% used [0x00000000c04d0000, 0x00000000c04d0000, 0x00000000c0550000)
 tenured generation   total 10944K, used 8494K [0x00000000d5550000, 0x00000000d6000000, 0x0000000100000000)
   the space 10944K,  77% used [0x00000000d5550000, 0x00000000d5d9ba40, 0x00000000d5d9bc00, 0x00000000d6000000)
 Metaspace       used 18161K, capacity 18444K, committed 18688K, reserved 1064960K
  class space    used 2561K, capacity 2692K, committed 2816K, reserved 1048576K
}
Event: 1.809 GC heap before
{Heap before GC invocations=30 (full 0):
 def new generation   total 4928K, used 4724K [0x00000000c0000000, 0x00000000c0550000, 0x00000000d5550000)
  eden space 4416K,  95% used [0x00000000c0000000, 0x00000000c041d3a0, 0x00000000c0450000)
  from space 512K, 100% used [0x00000000c0450000, 0x00000000c04d0000, 0x00000000c04d0000)
  to   space 512K,   0% used [0x00000000c04d0000, 0x00000000c04d0000, 0x00000000c0550000)
 tenured generation   total 10944K, used 8494K [0x00000000d5550000, 0x00000000d6000000, 0x0000000100000000)
   the space 10944K,  77% used [0x00000000d5550000, 0x00000000d5d9ba40, 0x00000000d5d9bc00, 0x00000000d6000000)
 Metaspace       used 18464K, capacity 18764K, committed 18944K, reserved 1064960K
  class space    used 2619K, capacity 2756K, committed 2816K, reserved 1048576K
Event: 1.812 GC heap after
Heap after GC invocations=31 (full 0):
 def new generation   total 4928K, used 511K [0x00000000c0000000, 0x00000000c0550000, 0x00000000d5550000)
  eden space 4416K,   0% used [0x00000000c0000000, 0x00000000c0000000, 0x00000000c0450000)
  from space 512K,  99% used [0x00000000c04d0000, 0x00000000c054fff8, 0x00000000c0550000)
  to   space 512K,   0% used [0x00000000c0450000, 0x00000000c0450000, 0x00000000c04d0000)
 tenured generation   total 10944K, used 9161K [0x00000000d5550000, 0x00000000d6000000, 0x0000000100000000)
   the space 10944K,  83% used [0x00000000d5550000, 0x00000000d5e424b0, 0x00000000d5e42600, 0x00000000d6000000)
 Metaspace       used 18464K, capacity 18764K, committed 18944K, reserved 1064960K
  class space    used 2619K, capacity 2756K, committed 2816K, reserved 1048576K
}
Event: 1.894 GC heap before
{Heap before GC invocations=31 (full 0):
 def new generation   total 4928K, used 4927K [0x00000000c0000000, 0x00000000c0550000, 0x00000000d5550000)
  eden space 4416K, 100% used [0x00000000c0000000, 0x00000000c0450000, 0x00000000c0450000)
  from space 512K,  99% used [0x00000000c04d0000, 0x00000000c054fff8, 0x00000000c0550000)
  to   space 512K,   0% used [0x00000000c0450000, 0x00000000c0450000, 0x00000000c04d0000)
 tenured generation   total 10944K, used 9161K [0x00000000d5550000, 0x00000000d6000000, 0x0000000100000000)
   the space 10944K,  83% used [0x00000000d5550000, 0x00000000d5e424b0, 0x00000000d5e42600, 0x00000000d6000000)
 Metaspace       used 20047K, capacity 20332K, committed 20608K, reserved 1067008K
  class space    used 2766K, capacity 2916K, committed 2944K, reserved 1048576K
Event: 1.898 GC heap after
Heap after GC invocations=32 (full 0):
 def new generation   total 4928K, used 511K [0x00000000c0000000, 0x00000000c0550000, 0x00000000d5550000)
  eden space 4416K,   0% used [0x00000000c0000000, 0x00000000c0000000, 0x00000000c0450000)
  from space 512K,  99% used [0x00000000c0450000, 0x00000000c04cfff0, 0x00000000c04d0000)
  to   space 512K,   0% used [0x00000000c04d0000, 0x00000000c04d0000, 0x00000000c0550000)
 tenured generation   total 10944K, used 9772K [0x00000000d5550000, 0x00000000d6000000, 0x0000000100000000)
   the space 10944K,  89% used [0x00000000d5550000, 0x00000000d5edb168, 0x00000000d5edb200, 0x00000000d6000000)
 Metaspace       used 20047K, capacity 20332K, committed 20608K, reserved 1067008K
  class space    used 2766K, capacity 2916K, committed 2944K, reserved 1048576K
}
Event: 1.936 GC heap before
{Heap before GC invocations=32 (full 0):
 def new generation   total 4928K, used 1839K [0x00000000c0000000, 0x00000000c0550000, 0x00000000d5550000)
  eden space 4416K,  30% used [0x00000000c0000000, 0x00000000c014bd78, 0x00000000c0450000)
  from space 512K,  99% used [0x00000000c0450000, 0x00000000c04cfff0, 0x00000000c04d0000)
  to   space 512K,   0% used [0x00000000c04d0000, 0x00000000c04d0000, 0x00000000c0550000)
 tenured generation   total 10944K, used 9772K [0x00000000d5550000, 0x00000000d6000000, 0x0000000100000000)
   the space 10944K,  89% used [0x00000000d5550000, 0x00000000d5edb168, 0x00000000d5edb200, 0x00000000d6000000)
 Metaspace       used 20831K, capacity 21132K, committed 21248K, reserved 1067008K
  class space    used 2862K, capacity 3012K, committed 3072K, reserved 1048576K
Event: 1.962 GC heap after
Heap after GC invocations=33 (full 1):
 def new generation   total 5568K, used 0K [0x00000000c0000000, 0x00000000c0600000, 0x00000000d5550000)
  eden space 4992K,   0% used [0x00000000c0000000, 0x00000000c0000000, 0x00000000c04e0000)
  from space 576K,   0% used [0x00000000c04e0000, 0x00000000c04e0000, 0x00000000c0570000)
  to   space 576K,   0% used [0x00000000c0570000, 0x00000000c0570000, 0x00000000c0600000)
 tenured generation   total 12036K, used 7220K [0x00000000d5550000, 0x00000000d6111000, 0x0000000100000000)
   the space 12036K,  59% used [0x00000000d5550000, 0x00000000d5c5d188, 0x00000000d5c5d200, 0x00000000d6111000)
 Metaspace       used 20831K, capacity 21132K, committed 21248K, reserved 1067008K
  class space    used 2862K, capacity 3012K, committed 3072K, reserved 1048576K
}
Event: 2.049 GC heap before
{Heap before GC invocations=33 (full 1):
 def new generation   total 5568K, used 4992K [0x00000000c0000000, 0x00000000c0600000, 0x00000000d5550000)
  eden space 4992K, 100% used [0x00000000c0000000, 0x00000000c04e0000, 0x00000000c04e0000)
  from space 576K,   0% used [0x00000000c04e0000, 0x00000000c04e0000, 0x00000000c0570000)
  to   space 576K,   0% used [0x00000000c0570000, 0x00000000c0570000, 0x00000000c0600000)
 tenured generation   total 12036K, used 7220K [0x00000000d5550000, 0x00000000d6111000, 0x0000000100000000)
   the space 12036K,  59% used [0x00000000d5550000, 0x00000000d5c5d188, 0x00000000d5c5d200, 0x00000000d6111000)
 Metaspace       used 21448K, capacity 21778K, committed 22144K, reserved 1069056K
  class space    used 2958K, capacity 3077K, committed 3200K, reserved 1048576K
Event: 2.052 GC heap after
Heap after GC invocations=34 (full 1):
 def new generation   total 5568K, used 575K [0x00000000c0000000, 0x00000000c0600000, 0x00000000d5550000)
  eden space 4992K,   0% used [0x00000000c0000000, 0x00000000c0000000, 0x00000000c04e0000)
  from space 576K,  99% used [0x00000000c0570000, 0x00000000c05ffff8, 0x00000000c0600000)
  to   space 576K,   0% used [0x00000000c04e0000, 0x00000000c04e0000, 0x00000000c0570000)
 tenured generation   total 12036K, used 7478K [0x00000000d5550000, 0x00000000d6111000, 0x0000000100000000)
   the space 12036K,  62% used [0x00000000d5550000, 0x00000000d5c9d808, 0x00000000d5c9da00, 0x00000000d6111000)
 Metaspace       used 21448K, capacity 21778K, committed 22144K, reserved 1069056K
  class space    used 2958K, capacity 3077K, committed 3200K, reserved 1048576K
}
Event: 2.098 GC heap before
{Heap before GC invocations=34 (full 1):
 def new generation   total 5568K, used 5567K [0x00000000c0000000, 0x00000000c0600000, 0x00000000d5550000)
  eden space 4992K, 100% used [0x00000000c0000000, 0x00000000c04e0000, 0x00000000c04e0000)
  from space 576K,  99% used [0x00000000c0570000, 0x00000000c05ffff8, 0x00000000c0600000)
  to   space 576K,   0% used [0x00000000c04e0000, 0x00000000c04e0000, 0x00000000c0570000)
 tenured generation   total 12036K, used 7478K [0x00000000d5550000, 0x00000000d6111000, 0x0000000100000000)
   the space 12036K,  62% used [0x00000000d5550000, 0x00000000d5c9d808, 0x00000000d5c9da00, 0x00000000d6111000)
 Metaspace       used 21861K, capacity 22264K, committed 22400K, reserved 1069056K
  class space    used 3015K, capacity 3174K, committed 3200K, reserved 1048576K
Event: 2.101 GC heap after
Heap after GC invocations=35 (full 1):
 def new generation   total 5568K, used 496K [0x00000000c0000000, 0x00000000c0600000, 0x00000000d5550000)
  eden space 4992K,   0% used [0x00000000c0000000, 0x00000000c0000000, 0x00000000c04e0000)
  from space 576K,  86% used [0x00000000c04e0000, 0x00000000c055c030, 0x00000000c0570000)
  to   space 576K,   0% used [0x00000000c0570000, 0x00000000c0570000, 0x00000000c0600000)
 tenured generation   total 12036K, used 7956K [0x00000000d5550000, 0x00000000d6111000, 0x0000000100000000)
   the space 12036K,  66% used [0x00000000d5550000, 0x00000000d5d150e8, 0x00000000d5d15200, 0x00000000d6111000)
 Metaspace       used 21861K, capacity 22264K, committed 22400K, reserved 1069056K
  class space    used 3015K, capacity 3174K, committed 3200K, reserved 1048576K
}
Event: 2.149 GC heap before
{Heap before GC invocations=35 (full 1):
 def new generation   total 5568K, used 5488K [0x00000000c0000000, 0x00000000c0600000, 0x00000000d5550000)
  eden space 4992K, 100% used [0x00000000c0000000, 0x00000000c04e0000, 0x00000000c04e0000)
  from space 576K,  86% used [0x00000000c04e0000, 0x00000000c055c030, 0x00000000c0570000)
  to   space 576K,   0% used [0x00000000c0570000, 0x00000000c0570000, 0x00000000c0600000)
 tenured generation   total 12036K, used 7956K [0x00000000d5550000, 0x00000000d6111000, 0x0000000100000000)
   the space 12036K,  66% used [0x00000000d5550000, 0x00000000d5d150e8, 0x00000000d5d15200, 0x00000000d6111000)
 Metaspace       used 22285K, capacity 22584K, committed 22784K, reserved 1069056K
  class space    used 3088K, capacity 3238K, committed 3328K, reserved 1048576K
Event: 2.151 GC heap after
Heap after GC invocations=36 (full 1):
 def new generation   total 5568K, used 477K [0x00000000c0000000, 0x00000000c0600000, 0x00000000d5550000)
  eden space 4992K,   0% used [0x00000000c0000000, 0x00000000c0000000, 0x00000000c04e0000)
  from space 576K,  82% used [0x00000000c0570000, 0x00000000c05e7518, 0x00000000c0600000)
  to   space 576K,   0% used [0x00000000c04e0000, 0x00000000c04e0000, 0x00000000c0570000)
 tenured generation   total 12036K, used 8138K [0x00000000d5550000, 0x00000000d6111000, 0x0000000100000000)
   the space 12036K,  67% used [0x00000000d5550000, 0x00000000d5d42960, 0x00000000d5d42a00, 0x00000000d6111000)
 Metaspace       used 22285K, capacity 22584K, committed 22784K, reserved 1069056K
  class space    used 3088K, capacity 3238K, committed 3328K, reserved 1048576K
}
Event: 2.200 GC heap before
{Heap before GC invocations=36 (full 1):
 def new generation   total 5568K, used 5469K [0x00000000c0000000, 0x00000000c0600000, 0x00000000d5550000)
  eden space 4992K, 100% used [0x00000000c0000000, 0x00000000c04e0000, 0x00000000c04e0000)
  from space 576K,  82% used [0x00000000c0570000, 0x00000000c05e7518, 0x00000000c0600000)
  to   space 576K,   0% used [0x00000000c04e0000, 0x00000000c04e0000, 0x00000000c0570000)
 tenured generation   total 12036K, used 8138K [0x00000000d5550000, 0x00000000d6111000, 0x0000000100000000)
   the space 12036K,  67% used [0x00000000d5550000, 0x00000000d5d42960, 0x00000000d5d42a00, 0x00000000d6111000)
 Metaspace       used 22666K, capacity 23064K, committed 23296K, reserved 1069056K
  class space    used 3145K, capacity 3270K, committed 3328K, reserved 1048576K
Event: 2.201 GC heap after
Heap after GC invocations=37 (full 1):
 def new generation   total 5568K, used 497K [0x00000000c0000000, 0x00000000c0600000, 0x00000000d5550000)
  eden space 4992K,   0% used [0x00000000c0000000, 0x00000000c0000000, 0x00000000c04e0000)
  from space 576K,  86% used [0x00000000c04e0000, 0x00000000c055c488, 0x00000000c0570000)
  to   space 576K,   0% used [0x00000000c0570000, 0x00000000c0570000, 0x00000000c0600000)
 tenured generation   total 12036K, used 8215K [0x00000000d5550000, 0x00000000d6111000, 0x0000000100000000)
   the space 12036K,  68% used [0x00000000d5550000, 0x00000000d5d55cd0, 0x00000000d5d55e00, 0x00000000d6111000)
 Metaspace       used 22666K, capacity 23064K, committed 23296K, reserved 1069056K
  class space    used 3145K, capacity 3270K, committed 3328K, reserved 1048576K
}
Event: 2.267 GC heap before
{Heap before GC invocations=37 (full 1):
 def new generation   total 5568K, used 5489K [0x00000000c0000000, 0x00000000c0600000, 0x00000000d5550000)
  eden space 4992K, 100% used [0x00000000c0000000, 0x00000000c04e0000, 0x00000000c04e0000)
  from space 576K,  86% used [0x00000000c04e0000, 0x00000000c055c488, 0x00000000c0570000)
  to   space 576K,   0% used [0x00000000c0570000, 0x00000000c0570000, 0x00000000c0600000)
 tenured generation   total 12036K, used 8215K [0x00000000d5550000, 0x00000000d6111000, 0x0000000100000000)
   the space 12036K,  68% used [0x00000000d5550000, 0x00000000d5d55cd0, 0x00000000d5d55e00, 0x00000000d6111000)
 Metaspace       used 23121K, capacity 23480K, committed 23680K, reserved 1069056K
  class space    used 3232K, capacity 3366K, committed 3456K, reserved 1048576K
Event: 2.270 GC heap after
Heap after GC invocations=38 (full 1):
 def new generation   total 5568K, used 575K [0x00000000c0000000, 0x00000000c0600000, 0x00000000d5550000)
  eden space 4992K,   0% used [0x00000000c0000000, 0x00000000c0000000, 0x00000000c04e0000)
  from space 576K,  99% used [0x00000000c0570000, 0x00000000c05fffe0, 0x00000000c0600000)
  to   space 576K,   0% used [0x00000000c04e0000, 0x00000000c04e0000, 0x00000000c0570000)
 tenured generation   total 12036K, used 8290K [0x00000000d5550000, 0x00000000d6111000, 0x0000000100000000)
   the space 12036K,  68% used [0x00000000d5550000, 0x00000000d5d68878, 0x00000000d5d68a00, 0x00000000d6111000)
 Metaspace       used 23121K, capacity 23480K, committed 23680K, reserved 1069056K
  class space    used 3232K, capacity 3366K, committed 3456K, reserved 1048576K
}
Event: 2.336 GC heap before
{Heap before GC invocations=38 (full 1):
 def new generation   total 5568K, used 5567K [0x00000000c0000000, 0x00000000c0600000, 0x00000000d5550000)
  eden space 4992K, 100% used [0x00000000c0000000, 0x00000000c04e0000, 0x00000000c04e0000)
  from space 576K,  99% used [0x00000000c0570000, 0x00000000c05fffe0, 0x00000000c0600000)
  to   space 576K,   0% used [0x00000000c04e0000, 0x00000000c04e0000, 0x00000000c0570000)
 tenured generation   total 12036K, used 8290K [0x00000000d5550000, 0x00000000d6111000, 0x0000000100000000)
   the space 12036K,  68% used [0x00000000d5550000, 0x00000000d5d68878, 0x00000000d5d68a00, 0x00000000d6111000)
 Metaspace       used 23634K, capacity 24024K, committed 24320K, reserved 1071104K
  class space    used 3323K, capacity 3462K, committed 3584K, reserved 1048576K
Event: 2.339 GC heap after
Heap after GC invocations=39 (full 1):
 def new generation   total 5568K, used 575K [0x00000000c0000000, 0x00000000c0600000, 0x00000000d5550000)
  eden space 4992K,   0% used [0x00000000c0000000, 0x00000000c0000000, 0x00000000c04e0000)
  from space 576K,  99% used [0x00000000c04e0000, 0x00000000c056fff8, 0x00000000c0570000)
  to   space 576K,   0% used [0x00000000c0570000, 0x00000000c0570000, 0x00000000c0600000)
 tenured generation   total 12036K, used 8465K [0x00000000d5550000, 0x00000000d6111000, 0x0000000100000000)
   the space 12036K,  70% used [0x00000000d5550000, 0x00000000d5d94468, 0x00000000d5d94600, 0x00000000d6111000)
 Metaspace       used 23634K, capacity 24024K, committed 24320K, reserved 1071104K
  class space    used 3323K, capacity 3462K, committed 3584K, reserved 1048576K
}
Event: 2.382 GC heap before
{Heap before GC invocations=39 (full 1):
 def new generation   total 5568K, used 5248K [0x00000000c0000000, 0x00000000c0600000, 0x00000000d5550000)
  eden space 4992K,  93% used [0x00000000c0000000, 0x00000000c04901b8, 0x00000000c04e0000)
  from space 576K,  99% used [0x00000000c04e0000, 0x00000000c056fff8, 0x00000000c0570000)
  to   space 576K,   0% used [0x00000000c0570000, 0x00000000c0570000, 0x00000000c0600000)
 tenured generation   total 12036K, used 8465K [0x00000000d5550000, 0x00000000d6111000, 0x0000000100000000)
   the space 12036K,  70% used [0x00000000d5550000, 0x00000000d5d94468, 0x00000000d5d94600, 0x00000000d6111000)
 Metaspace       used 23983K, capacity 24312K, committed 24576K, reserved 1071104K
  class space    used 3361K, capacity 3494K, committed 3584K, reserved 1048576K
Event: 2.385 GC heap after
Heap after GC invocations=40 (full 1):
 def new generation   total 5568K, used 575K [0x00000000c0000000, 0x00000000c0600000, 0x00000000d5550000)
  eden space 4992K,   0% used [0x00000000c0000000, 0x00000000c0000000, 0x00000000c04e0000)
  from space 576K,  99% used [0x00000000c0570000, 0x00000000c05fff20, 0x00000000c0600000)
  to   space 576K,   0% used [0x00000000c04e0000, 0x00000000c04e0000, 0x00000000c0570000)
 tenured generation   total 12036K, used 8603K [0x00000000d5550000, 0x00000000d6111000, 0x0000000100000000)
   the space 12036K,  71% used [0x00000000d5550000, 0x00000000d5db6cf0, 0x00000000d5db6e00, 0x00000000d6111000)
 Metaspace       used 23983K, capacity 24312K, committed 24576K, reserved 1071104K
  class space    used 3361K, capacity 3494K, committed 3584K, reserved 1048576K
}
Event: 2.445 GC heap before
{Heap before GC invocations=40 (full 1):
 def new generation   total 5568K, used 5567K [0x00000000c0000000, 0x00000000c0600000, 0x00000000d5550000)
  eden space 4992K, 100% used [0x00000000c0000000, 0x00000000c04e0000, 0x00000000c04e0000)
  from space 576K,  99% used [0x00000000c0570000, 0x00000000c05fff20, 0x00000000c0600000)
  to   space 576K,   0% used [0x00000000c04e0000, 0x00000000c04e0000, 0x00000000c0570000)
 tenured generation   total 12036K, used 8603K [0x00000000d5550000, 0x00000000d6111000, 0x0000000100000000)
   the space 12036K,  71% used [0x00000000d5550000, 0x00000000d5db6cf0, 0x00000000d5db6e00, 0x00000000d6111000)
 Metaspace       used 24773K, capacity 25150K, committed 25344K, reserved 1071104K
  class space    used 3430K, capacity 3559K, committed 3584K, reserved 1048576K
Event: 2.448 GC heap after
Heap after GC invocations=41 (full 1):
 def new generation   total 5568K, used 347K [0x00000000c0000000, 0x00000000c0600000, 0x00000000d5550000)
  eden space 4992K,   0% used [0x00000000c0000000, 0x00000000c0000000, 0x00000000c04e0000)
  from space 576K,  60% used [0x00000000c04e0000, 0x00000000c0536d40, 0x00000000c0570000)
  to   space 576K,   0% used [0x00000000c0570000, 0x00000000c0570000, 0x00000000c0600000)
 tenured generation   total 12036K, used 8667K [0x00000000d5550000, 0x00000000d6111000, 0x0000000100000000)
   the space 12036K,  72% used [0x00000000d5550000, 0x00000000d5dc6d28, 0x00000000d5dc6e00, 0x00000000d6111000)
 Metaspace       used 24773K, capacity 25150K, committed 25344K, reserved 1071104K
  class space    used 3430K, capacity 3559K, committed 3584K, reserved 1048576K
}
Event: 2.516 GC heap before
{Heap before GC invocations=41 (full 1):
 def new generation   total 5568K, used 5339K [0x00000000c0000000, 0x00000000c0600000, 0x00000000d5550000)
  eden space 4992K, 100% used [0x00000000c0000000, 0x00000000c04e0000, 0x00000000c04e0000)
  from space 576K,  60% used [0x00000000c04e0000, 0x00000000c0536d40, 0x00000000c0570000)
  to   space 576K,   0% used [0x00000000c0570000, 0x00000000c0570000, 0x00000000c0600000)
 tenured generation   total 12036K, used 8667K [0x00000000d5550000, 0x00000000d6111000, 0x0000000100000000)
   the space 12036K,  72% used [0x00000000d5550000, 0x00000000d5dc6d28, 0x00000000d5dc6e00, 0x00000000d6111000)
 Metaspace       used 25341K, capacity 25636K, committed 25984K, reserved 1071104K
  class space    used 3541K, capacity 3656K, committed 3712K, reserved 1048576K
Event: 2.519 GC heap after
Heap after GC invocations=42 (full 1):
 def new generation   total 5568K, used 575K [0x00000000c0000000, 0x00000000c0600000, 0x00000000d5550000)
  eden space 4992K,   0% used [0x00000000c0000000, 0x00000000c0000000, 0x00000000c04e0000)
  from space 576K,  99% used [0x00000000c0570000, 0x00000000c05ffff0, 0x00000000c0600000)
  to   space 576K,   0% used [0x00000000c04e0000, 0x00000000c04e0000, 0x00000000c0570000)
 tenured generation   total 12036K, used 8848K [0x00000000d5550000, 0x00000000d6111000, 0x0000000100000000)
   the space 12036K,  73% used [0x00000000d5550000, 0x00000000d5df43f8, 0x00000000d5df4400, 0x00000000d6111000)
 Metaspace       used 25341K, capacity 25636K, committed 25984K, reserved 1071104K
  class space    used 3541K, capacity 3656K, committed 3712K, reserved 1048576K
}
Event: 2.596 GC heap before
{Heap before GC invocations=42 (full 1):
 def new generation   total 5568K, used 5567K [0x00000000c0000000, 0x00000000c0600000, 0x00000000d5550000)
  eden space 4992K, 100% used [0x00000000c0000000, 0x00000000c04e0000, 0x00000000c04e0000)
  from space 576K,  99% used [0x00000000c0570000, 0x00000000c05ffff0, 0x00000000c0600000)
  to   space 576K,   0% used [0x00000000c04e0000, 0x00000000c04e0000, 0x00000000c0570000)
 tenured generation   total 12036K, used 8848K [0x00000000d5550000, 0x00000000d6111000, 0x0000000100000000)
   the space 12036K,  73% used [0x00000000d5550000, 0x00000000d5df43f8, 0x00000000d5df4400, 0x00000000d6111000)
 Metaspace       used 25973K, capacity 26308K, committed 26624K, reserved 1073152K
  class space    used 3645K, capacity 3752K, committed 3840K, reserved 1048576K
Event: 2.600 GC heap after
Heap after GC invocations=43 (full 1):
 def new generation   total 5568K, used 575K [0x00000000c0000000, 0x00000000c0600000, 0x00000000d5550000)
  eden space 4992K,   0% used [0x00000000c0000000, 0x00000000c0000000, 0x00000000c04e0000)
  from space 576K,  99% used [0x00000000c04e0000, 0x00000000c056fff8, 0x00000000c0570000)
  to   space 576K,   0% used [0x00000000c0570000, 0x00000000c0570000, 0x00000000c0600000)
 tenured generation   total 12036K, used 9232K [0x00000000d5550000, 0x00000000d6111000, 0x0000000100000000)
   the space 12036K,  76% used [0x00000000d5550000, 0x00000000d5e54120, 0x00000000d5e54200, 0x00000000d6111000)
 Metaspace       used 25973K, capacity 26308K, committed 26624K, reserved 1073152K
  class space    used 3645K, capacity 3752K, committed 3840K, reserved 1048576K
}
Event: 2.657 GC heap before
{Heap before GC invocations=43 (full 1):
 def new generation   total 5568K, used 5567K [0x00000000c0000000, 0x00000000c0600000, 0x00000000d5550000)
  eden space 4992K, 100% used [0x00000000c0000000, 0x00000000c04e0000, 0x00000000c04e0000)
  from space 576K,  99% used [0x00000000c04e0000, 0x00000000c056fff8, 0x00000000c0570000)
  to   space 576K,   0% used [0x00000000c0570000, 0x00000000c0570000, 0x00000000c0600000)
 tenured generation   total 12036K, used 9232K [0x00000000d5550000, 0x00000000d6111000, 0x0000000100000000)
   the space 12036K,  76% used [0x00000000d5550000, 0x00000000d5e54120, 0x00000000d5e54200, 0x00000000d6111000)
 Metaspace       used 26403K, capacity 26788K, committed 27008K, reserved 1073152K
  class space    used 3716K, capacity 3848K, committed 3968K, reserved 1048576K
Event: 2.662 GC heap after
Heap after GC invocations=44 (full 1):
 def new generation   total 5568K, used 502K [0x00000000c0000000, 0x00000000c0600000, 0x00000000d5550000)
  eden space 4992K,   0% used [0x00000000c0000000, 0x00000000c0000000, 0x00000000c04e0000)
  from space 576K,  87% used [0x00000000c0570000, 0x00000000c05eda58, 0x00000000c0600000)
  to   space 576K,   0% used [0x00000000c04e0000, 0x00000000c04e0000, 0x00000000c0570000)
 tenured generation   total 12036K, used 9425K [0x00000000d5550000, 0x00000000d6111000, 0x0000000100000000)
   the space 12036K,  78% used [0x00000000d5550000, 0x00000000d5e846c0, 0x00000000d5e84800, 0x00000000d6111000)
 Metaspace       used 26403K, capacity 26788K, committed 27008K, reserved 1073152K
  class space    used 3716K, capacity 3848K, committed 3968K, reserved 1048576K
}
Event: 2.699 GC heap before
{Heap before GC invocations=44 (full 1):
 def new generation   total 5568K, used 5483K [0x00000000c0000000, 0x00000000c0600000, 0x00000000d5550000)
  eden space 4992K,  99% used [0x00000000c0000000, 0x00000000c04dd1e8, 0x00000000c04e0000)
  from space 576K,  87% used [0x00000000c0570000, 0x00000000c05eda58, 0x00000000c0600000)
  to   space 576K,   0% used [0x00000000c04e0000, 0x00000000c04e0000, 0x00000000c0570000)
 tenured generation   total 12036K, used 9425K [0x00000000d5550000, 0x00000000d6111000, 0x0000000100000000)
   the space 12036K,  78% used [0x00000000d5550000, 0x00000000d5e846c0, 0x00000000d5e84800, 0x00000000d6111000)
 Metaspace       used 26660K, capacity 27044K, committed 27264K, reserved 1073152K
  class space    used 3759K, capacity 3912K, committed 3968K, reserved 1048576K
Event: 2.701 GC heap after
Heap after GC invocations=45 (full 1):
 def new generation   total 5568K, used 298K [0x00000000c0000000, 0x00000000c0600000, 0x00000000d5550000)
  eden space 4992K,   0% used [0x00000000c0000000, 0x00000000c0000000, 0x00000000c04e0000)
  from space 576K,  51% used [0x00000000c04e0000, 0x00000000c052a980, 0x00000000c0570000)
  to   space 576K,   0% used [0x00000000c0570000, 0x00000000c0570000, 0x00000000c0600000)
 tenured generation   total 12036K, used 9529K [0x00000000d5550000, 0x00000000d6111000, 0x0000000100000000)
   the space 12036K,  79% used [0x00000000d5550000, 0x00000000d5e9e4e8, 0x00000000d5e9e600, 0x00000000d6111000)
 Metaspace       used 26660K, capacity 27044K, committed 27264K, reserved 1073152K
  class space    used 3759K, capacity 3912K, committed 3968K, reserved 1048576K
}
Event: 2.745 GC heap before
{Heap before GC invocations=45 (full 1):
 def new generation   total 5568K, used 5290K [0x00000000c0000000, 0x00000000c0600000, 0x00000000d5550000)
  eden space 4992K, 100% used [0x00000000c0000000, 0x00000000c04e0000, 0x00000000c04e0000)
  from space 576K,  51% used [0x00000000c04e0000, 0x00000000c052a980, 0x00000000c0570000)
  to   space 576K,   0% used [0x00000000c0570000, 0x00000000c0570000, 0x00000000c0600000)
 tenured generation   total 12036K, used 9529K [0x00000000d5550000, 0x00000000d6111000, 0x0000000100000000)
   the space 12036K,  79% used [0x00000000d5550000, 0x00000000d5e9e4e8, 0x00000000d5e9e600, 0x00000000d6111000)
 Metaspace       used 26948K, capacity 27268K, committed 27520K, reserved 1073152K
  class space    used 3817K, capacity 3944K, committed 3968K, reserved 1048576K
Event: 2.747 GC heap after
Heap after GC invocations=46 (full 1):
 def new generation   total 5568K, used 384K [0x00000000c0000000, 0x00000000c0600000, 0x00000000d5550000)
  eden space 4992K,   0% used [0x00000000c0000000, 0x00000000c0000000, 0x00000000c04e0000)
  from space 576K,  66% used [0x00000000c0570000, 0x00000000c05d03b0, 0x00000000c0600000)
  to   space 576K,   0% used [0x00000000c04e0000, 0x00000000c04e0000, 0x00000000c0570000)
 tenured generation   total 12036K, used 9581K [0x00000000d5550000, 0x00000000d6111000, 0x0000000100000000)
   the space 12036K,  79% used [0x00000000d5550000, 0x00000000d5eab640, 0x00000000d5eab800, 0x00000000d6111000)
 Metaspace       used 26948K, capacity 27268K, committed 27520K, reserved 1073152K
  class space    used 3817K, capacity 3944K, committed 3968K, reserved 1048576K
}
Event: 2.800 GC heap before
{Heap before GC invocations=46 (full 1):
 def new generation   total 5568K, used 5376K [0x00000000c0000000, 0x00000000c0600000, 0x00000000d5550000)
  eden space 4992K, 100% used [0x00000000c0000000, 0x00000000c04e0000, 0x00000000c04e0000)
  from space 576K,  66% used [0x00000000c0570000, 0x00000000c05d03b0, 0x00000000c0600000)
  to   space 576K,   0% used [0x00000000c04e0000, 0x00000000c04e0000, 0x00000000c0570000)
 tenured generation   total 12036K, used 9581K [0x00000000d5550000, 0x00000000d6111000, 0x0000000100000000)
   the space 12036K,  79% used [0x00000000d5550000, 0x00000000d5eab640, 0x00000000d5eab800, 0x00000000d6111000)
 Metaspace       used 27321K, capacity 27652K, committed 27904K, reserved 1073152K
  class space    used 3889K, capacity 4008K, committed 4096K, reserved 1048576K
Event: 2.803 GC heap after
Heap after GC invocations=47 (full 1):
 def new generation   total 5568K, used 515K [0x00000000c0000000, 0x00000000c0600000, 0x00000000d5550000)
  eden space 4992K,   0% used [0x00000000c0000000, 0x00000000c0000000, 0x00000000c04e0000)
  from space 576K,  89% used [0x00000000c04e0000, 0x00000000c0560dc8, 0x00000000c0570000)
  to   space 576K,   0% used [0x00000000c0570000, 0x00000000c0570000, 0x00000000c0600000)
 tenured generation   total 12036K, used 9711K [0x00000000d5550000, 0x00000000d6111000, 0x0000000100000000)
   the space 12036K,  80% used [0x00000000d5550000, 0x00000000d5ecbc40, 0x00000000d5ecbe00, 0x00000000d6111000)
 Metaspace       used 27321K, capacity 27652K, committed 27904K, reserved 1073152K
  class space    used 3889K, capacity 4008K, committed 4096K, reserved 1048576K
}
Event: 2.855 GC heap before
{Heap before GC invocations=47 (full 1):
 def new generation   total 5568K, used 5507K [0x00000000c0000000, 0x00000000c0600000, 0x00000000d5550000)
  eden space 4992K, 100% used [0x00000000c0000000, 0x00000000c04e0000, 0x00000000c04e0000)
  from space 576K,  89% used [0x00000000c04e0000, 0x00000000c0560dc8, 0x00000000c0570000)
  to   space 576K,   0% used [0x00000000c0570000, 0x00000000c0570000, 0x00000000c0600000)
 tenured generation   total 12036K, used 9711K [0x00000000d5550000, 0x00000000d6111000, 0x0000000100000000)
   the space 12036K,  80% used [0x00000000d5550000, 0x00000000d5ecbc40, 0x00000000d5ecbe00, 0x00000000d6111000)
 Metaspace       used 27639K, capacity 27972K, committed 28160K, reserved 1073152K
  class space    used 3949K, capacity 4072K, committed 4096K, reserved 1048576K
Event: 2.858 GC heap after
Heap after GC invocations=48 (full 1):
 def new generation   total 5568K, used 335K [0x00000000c0000000, 0x00000000c0600000, 0x00000000d5550000)
  eden space 4992K,   0% used [0x00000000c0000000, 0x00000000c0000000, 0x00000000c04e0000)
  from space 576K,  58% used [0x00000000c0570000, 0x00000000c05c3ca0, 0x00000000c0600000)
  to   space 576K,   0% used [0x00000000c04e0000, 0x00000000c04e0000, 0x00000000c0570000)
 tenured generation   total 12036K, used 9864K [0x00000000d5550000, 0x00000000d6111000, 0x0000000100000000)
   the space 12036K,  81% used [0x00000000d5550000, 0x00000000d5ef2038, 0x00000000d5ef2200, 0x00000000d6111000)
 Metaspace       used 27639K, capacity 27972K, committed 28160K, reserved 1073152K
  class space    used 3949K, capacity 4072K, committed 4096K, reserved 1048576K
}
Event: 74.380 GC heap before
{Heap before GC invocations=48 (full 1):
 def new generation   total 5568K, used 5327K [0x00000000c0000000, 0x00000000c0600000, 0x00000000d5550000)
  eden space 4992K, 100% used [0x00000000c0000000, 0x00000000c04e0000, 0x00000000c04e0000)
  from space 576K,  58% used [0x00000000c0570000, 0x00000000c05c3ca0, 0x00000000c0600000)
  to   space 576K,   0% used [0x00000000c04e0000, 0x00000000c04e0000, 0x00000000c0570000)
 tenured generation   total 12036K, used 9864K [0x00000000d5550000, 0x00000000d6111000, 0x0000000100000000)
   the space 12036K,  81% used [0x00000000d5550000, 0x00000000d5ef2038, 0x00000000d5ef2200, 0x00000000d6111000)
 Metaspace       used 28128K, capacity 28444K, committed 28800K, reserved 1073152K
  class space    used 4009K, capacity 4140K, committed 4224K, reserved 1048576K
Event: 74.385 GC heap after
Heap after GC invocations=49 (full 1):
 def new generation   total 5568K, used 575K [0x00000000c0000000, 0x00000000c0600000, 0x00000000d5550000)
  eden space 4992K,   0% used [0x00000000c0000000, 0x00000000c0000000, 0x00000000c04e0000)
  from space 576K,  99% used [0x00000000c04e0000, 0x00000000c056fff8, 0x00000000c0570000)
  to   space 576K,   0% used [0x00000000c0570000, 0x00000000c0570000, 0x00000000c0600000)
 tenured generation   total 12036K, used 10120K [0x00000000d5550000, 0x00000000d6111000, 0x0000000100000000)
   the space 12036K,  84% used [0x00000000d5550000, 0x00000000d5f32050, 0x00000000d5f32200, 0x00000000d6111000)
 Metaspace       used 28128K, capacity 28444K, committed 28800K, reserved 1073152K
  class space    used 4009K, capacity 4140K, committed 4224K, reserved 1048576K
}
Event: 74.509 GC heap before
{Heap before GC invocations=49 (full 1):
 def new generation   total 5568K, used 5567K [0x00000000c0000000, 0x00000000c0600000, 0x00000000d5550000)
  eden space 4992K, 100% used [0x00000000c0000000, 0x00000000c04e0000, 0x00000000c04e0000)
  from space 576K,  99% used [0x00000000c04e0000, 0x00000000c056fff8, 0x00000000c0570000)
  to   space 576K,   0% used [0x00000000c0570000, 0x00000000c0570000, 0x00000000c0600000)
 tenured generation   total 12036K, used 10120K [0x00000000d5550000, 0x00000000d6111000, 0x0000000100000000)
   the space 12036K,  84% used [0x00000000d5550000, 0x00000000d5f32050, 0x00000000d5f32200, 0x00000000d6111000)
 Metaspace       used 28598K, capacity 28956K, committed 29312K, reserved 1075200K
  class space    used 4078K, capacity 4204K, committed 4224K, reserved 1048576K
Event: 74.513 GC heap after
Heap after GC invocations=50 (full 1):
 def new generation   total 5568K, used 576K [0x00000000c0000000, 0x00000000c0600000, 0x00000000d5550000)
  eden space 4992K,   0% used [0x00000000c0000000, 0x00000000c0000000, 0x00000000c04e0000)
  from space 576K, 100% used [0x00000000c0570000, 0x00000000c0600000, 0x00000000c0600000)
  to   space 576K,   0% used [0x00000000c04e0000, 0x00000000c04e0000, 0x00000000c0570000)
 tenured generation   total 12036K, used 10572K [0x00000000d5550000, 0x00000000d6111000, 0x0000000100000000)
   the space 12036K,  87% used [0x00000000d5550000, 0x00000000d5fa3338, 0x00000000d5fa3400, 0x00000000d6111000)
 Metaspace       used 28598K, capacity 28956K, committed 29312K, reserved 1075200K
  class space    used 4078K, capacity 4204K, committed 4224K, reserved 1048576K
}
Event: 74.577 GC heap before
{Heap before GC invocations=50 (full 1):
 def new generation   total 5568K, used 5568K [0x00000000c0000000, 0x00000000c0600000, 0x00000000d5550000)
  eden space 4992K, 100% used [0x00000000c0000000, 0x00000000c04e0000, 0x00000000c04e0000)
  from space 576K, 100% used [0x00000000c0570000, 0x00000000c0600000, 0x00000000c0600000)
  to   space 576K,   0% used [0x00000000c04e0000, 0x00000000c04e0000, 0x00000000c0570000)
 tenured generation   total 12036K, used 10572K [0x00000000d5550000, 0x00000000d6111000, 0x0000000100000000)
   the space 12036K,  87% used [0x00000000d5550000, 0x00000000d5fa3338, 0x00000000d5fa3400, 0x00000000d6111000)
 Metaspace       used 29119K, capacity 29500K, committed 29696K, reserved 1075200K
  class space    used 4158K, capacity 4300K, committed 4352K, reserved 1048576K
Event: 74.580 GC heap after
Heap after GC invocations=51 (full 1):
 def new generation   total 5568K, used 576K [0x00000000c0000000, 0x00000000c0600000, 0x00000000d5550000)
  eden space 4992K,   0% used [0x00000000c0000000, 0x00000000c0000000, 0x00000000c04e0000)
  from space 576K, 100% used [0x00000000c04e0000, 0x00000000c0570000, 0x00000000c0570000)
  to   space 576K,   0% used [0x00000000c0570000, 0x00000000c0570000, 0x00000000c0600000)
 tenured generation   total 12036K, used 10973K [0x00000000d5550000, 0x00000000d6111000, 0x0000000100000000)
   the space 12036K,  91% used [0x00000000d5550000, 0x00000000d6007608, 0x00000000d6007800, 0x00000000d6111000)
 Metaspace       used 29119K, capacity 29500K, committed 29696K, reserved 1075200K
  class space    used 4158K, capacity 4300K, committed 4352K, reserved 1048576K
}
Event: 74.669 GC heap before
{Heap before GC invocations=51 (full 1):
 def new generation   total 5568K, used 5568K [0x00000000c0000000, 0x00000000c0600000, 0x00000000d5550000)
  eden space 4992K, 100% used [0x00000000c0000000, 0x00000000c04e0000, 0x00000000c04e0000)
  from space 576K, 100% used [0x00000000c04e0000, 0x00000000c0570000, 0x00000000c0570000)
  to   space 576K,   0% used [0x00000000c0570000, 0x00000000c0570000, 0x00000000c0600000)
 tenured generation   total 12036K, used 10973K [0x00000000d5550000, 0x00000000d6111000, 0x0000000100000000)
   the space 12036K,  91% used [0x00000000d5550000, 0x00000000d6007608, 0x00000000d6007800, 0x00000000d6111000)
 Metaspace       used 29986K, capacity 30364K, committed 30592K, reserved 1075200K
  class space    used 4247K, capacity 4396K, committed 4480K, reserved 1048576K
Event: 74.672 GC heap after
Heap after GC invocations=52 (full 1):
 def new generation   total 5568K, used 575K [0x00000000c0000000, 0x00000000c0600000, 0x00000000d5550000)
  eden space 4992K,   0% used [0x00000000c0000000, 0x00000000c0000000, 0x00000000c04e0000)
  from space 576K,  99% used [0x00000000c0570000, 0x00000000c05ffff8, 0x00000000c0600000)
  to   space 576K,   0% used [0x00000000c04e0000, 0x00000000c04e0000, 0x00000000c0570000)
 tenured generation   total 12036K, used 11330K [0x00000000d5550000, 0x00000000d6111000, 0x0000000100000000)
   the space 12036K,  94% used [0x00000000d5550000, 0x00000000d6060be0, 0x00000000d6060c00, 0x00000000d6111000)
 Metaspace       used 29986K, capacity 30364K, committed 30592K, reserved 1075200K
  class space    used 4247K, capacity 4396K, committed 4480K, reserved 1048576K
}
Event: 74.778 GC heap before
{Heap before GC invocations=52 (full 1):
 def new generation   total 5568K, used 5567K [0x00000000c0000000, 0x00000000c0600000, 0x00000000d5550000)
  eden space 4992K, 100% used [0x00000000c0000000, 0x00000000c04e0000, 0x00000000c04e0000)
  from space 576K,  99% used [0x00000000c0570000, 0x00000000c05ffff8, 0x00000000c0600000)
  to   space 576K,   0% used [0x00000000c04e0000, 0x00000000c04e0000, 0x00000000c0570000)
 tenured generation   total 12036K, used 11330K [0x00000000d5550000, 0x00000000d6111000, 0x0000000100000000)
   the space 12036K,  94% used [0x00000000d5550000, 0x00000000d6060be0, 0x00000000d6060c00, 0x00000000d6111000)
 Metaspace       used 30806K, capacity 31138K, committed 31360K, reserved 1077248K
  class space    used 4321K, capacity 4461K, committed 4480K, reserved 1048576K
Event: 74.781 GC heap after
Heap after GC invocations=53 (full 1):
 def new generation   total 5568K, used 576K [0x00000000c0000000, 0x00000000c0600000, 0x00000000d5550000)
  eden space 4992K,   0% used [0x00000000c0000000, 0x00000000c0000000, 0x00000000c04e0000)
  from space 576K, 100% used [0x00000000c04e0000, 0x00000000c0570000, 0x00000000c0570000)
  to   space 576K,   0% used [0x00000000c0570000, 0x00000000c0570000, 0x00000000c0600000)
 tenured generation   total 12036K, used 11811K [0x00000000d5550000, 0x00000000d6111000, 0x0000000100000000)
   the space 12036K,  98% used [0x00000000d5550000, 0x00000000d60d8d10, 0x00000000d60d8e00, 0x00000000d6111000)
 Metaspace       used 30806K, capacity 31138K, committed 31360K, reserved 1077248K
  class space    used 4321K, capacity 4461K, committed 4480K, reserved 1048576K
}
Event: 74.851 GC heap before
{Heap before GC invocations=53 (full 1):
 def new generation   total 5568K, used 5568K [0x00000000c0000000, 0x00000000c0600000, 0x00000000d5550000)
  eden space 4992K, 100% used [0x00000000c0000000, 0x00000000c04e0000, 0x00000000c04e0000)
  from space 576K, 100% used [0x00000000c04e0000, 0x00000000c0570000, 0x00000000c0570000)
  to   space 576K,   0% used [0x00000000c0570000, 0x00000000c0570000, 0x00000000c0600000)
 tenured generation   total 12036K, used 11811K [0x00000000d5550000, 0x00000000d6111000, 0x0000000100000000)
   the space 12036K,  98% used [0x00000000d5550000, 0x00000000d60d8d10, 0x00000000d60d8e00, 0x00000000d6111000)
 Metaspace       used 31284K, capacity 31634K, committed 32000K, reserved 1077248K
  class space    used 4364K, capacity 4496K, committed 4608K, reserved 1048576K
Event: 74.892 GC heap after
Heap after GC invocations=54 (full 2):
 def new generation   total 8256K, used 0K [0x00000000c0000000, 0x00000000c08f0000, 0x00000000d5550000)
  eden space 7360K,   0% used [0x00000000c0000000, 0x00000000c0000000, 0x00000000c0730000)
  from space 896K,   0% used [0x00000000c0730000, 0x00000000c0730000, 0x00000000c0810000)
  to   space 896K,   0% used [0x00000000c0810000, 0x00000000c0810000, 0x00000000c08f0000)
 tenured generation   total 18104K, used 10861K [0x00000000d5550000, 0x00000000d66fe000, 0x0000000100000000)
   the space 18104K,  59% used [0x00000000d5550000, 0x00000000d5feb5f0, 0x00000000d5feb600, 0x00000000d66fe000)
 Metaspace       used 31284K, capacity 31634K, committed 32000K, reserved 1077248K
  class space    used 4364K, capacity 4496K, committed 4608K, reserved 1048576K
}
Event: 74.995 GC heap before
{Heap before GC invocations=54 (full 2):
 def new generation   total 8256K, used 7360K [0x00000000c0000000, 0x00000000c08f0000, 0x00000000d5550000)
  eden space 7360K, 100% used [0x00000000c0000000, 0x00000000c0730000, 0x00000000c0730000)
  from space 896K,   0% used [0x00000000c0730000, 0x00000000c0730000, 0x00000000c0810000)
  to   space 896K,   0% used [0x00000000c0810000, 0x00000000c0810000, 0x00000000c08f0000)
 tenured generation   total 18104K, used 10861K [0x00000000d5550000, 0x00000000d66fe000, 0x0000000100000000)
   the space 18104K,  59% used [0x00000000d5550000, 0x00000000d5feb5f0, 0x00000000d5feb600, 0x00000000d66fe000)
 Metaspace       used 32589K, capacity 33026K, committed 33280K, reserved 1077248K
  class space    used 4449K, capacity 4600K, committed 4608K, reserved 1048576K
Event: 74.999 GC heap after
Heap after GC invocations=55 (full 2):
 def new generation   total 8256K, used 864K [0x00000000c0000000, 0x00000000c08f0000, 0x00000000d5550000)
  eden space 7360K,   0% used [0x00000000c0000000, 0x00000000c0000000, 0x00000000c0730000)
  from space 896K,  96% used [0x00000000c0810000, 0x00000000c08e8290, 0x00000000c08f0000)
  to   space 896K,   0% used [0x00000000c0730000, 0x00000000c0730000, 0x00000000c0810000)
 tenured generation   total 18104K, used 10861K [0x00000000d5550000, 0x00000000d66fe000, 0x0000000100000000)
   the space 18104K,  59% used [0x00000000d5550000, 0x00000000d5feb5f0, 0x00000000d5feb600, 0x00000000d66fe000)
 Metaspace       used 32589K, capacity 33026K, committed 33280K, reserved 1077248K
  class space    used 4449K, capacity 4600K, committed 4608K, reserved 1048576K
}
Event: 75.112 GC heap before
{Heap before GC invocations=55 (full 2):
 def new generation   total 8256K, used 8224K [0x00000000c0000000, 0x00000000c08f0000, 0x00000000d5550000)
  eden space 7360K, 100% used [0x00000000c0000000, 0x00000000c0730000, 0x00000000c0730000)
  from space 896K,  96% used [0x00000000c0810000, 0x00000000c08e8290, 0x00000000c08f0000)
  to   space 896K,   0% used [0x00000000c0730000, 0x00000000c0730000, 0x00000000c0810000)
 tenured generation   total 18104K, used 10861K [0x00000000d5550000, 0x00000000d66fe000, 0x0000000100000000)
   the space 18104K,  59% used [0x00000000d5550000, 0x00000000d5feb5f0, 0x00000000d5feb600, 0x00000000d66fe000)
 Metaspace       used 33133K, capacity 33622K, committed 33920K, reserved 1079296K
  class space    used 4536K, capacity 4709K, committed 4736K, reserved 1048576K
Event: 75.115 GC heap after
Heap after GC invocations=56 (full 2):
 def new generation   total 8256K, used 733K [0x00000000c0000000, 0x00000000c08f0000, 0x00000000d5550000)
  eden space 7360K,   0% used [0x00000000c0000000, 0x00000000c0000000, 0x00000000c0730000)
  from space 896K,  81% used [0x00000000c0730000, 0x00000000c07e7480, 0x00000000c0810000)
  to   space 896K,   0% used [0x00000000c0810000, 0x00000000c0810000, 0x00000000c08f0000)
 tenured generation   total 18104K, used 11177K [0x00000000d5550000, 0x00000000d66fe000, 0x0000000100000000)
   the space 18104K,  61% used [0x00000000d5550000, 0x00000000d603a6e0, 0x00000000d603a800, 0x00000000d66fe000)
 Metaspace       used 33133K, capacity 33622K, committed 33920K, reserved 1079296K
  class space    used 4536K, capacity 4709K, committed 4736K, reserved 1048576K
}
Event: 668.043 GC heap before
{Heap before GC invocations=56 (full 2):
 def new generation   total 8256K, used 8088K [0x00000000c0000000, 0x00000000c08f0000, 0x00000000d5550000)
  eden space 7360K,  99% used [0x00000000c0000000, 0x00000000c072eda8, 0x00000000c0730000)
  from space 896K,  81% used [0x00000000c0730000, 0x00000000c07e7480, 0x00000000c0810000)
  to   space 896K,   0% used [0x00000000c0810000, 0x00000000c0810000, 0x00000000c08f0000)
 tenured generation   total 18104K, used 11177K [0x00000000d5550000, 0x00000000d66fe000, 0x0000000100000000)
   the space 18104K,  61% used [0x00000000d5550000, 0x00000000d603a6e0, 0x00000000d603a800, 0x00000000d66fe000)
 Metaspace       used 33559K, capacity 33980K, committed 34304K, reserved 1079296K
  class space    used 4574K, capacity 4742K, committed 4864K, reserved 1048576K
Event: 668.048 GC heap after
Heap after GC invocations=57 (full 2):
 def new generation   total 8256K, used 606K [0x00000000c0000000, 0x00000000c08f0000, 0x00000000d5550000)
  eden space 7360K,   0% used [0x00000000c0000000, 0x00000000c0000000, 0x00000000c0730000)
  from space 896K,  67% used [0x00000000c0810000, 0x00000000c08a7aa0, 0x00000000c08f0000)
  to   space 896K,   0% used [0x00000000c0730000, 0x00000000c0730000, 0x00000000c0810000)
 tenured generation   total 18104K, used 11454K [0x00000000d5550000, 0x00000000d66fe000, 0x0000000100000000)
   the space 18104K,  63% used [0x00000000d5550000, 0x00000000d607fab8, 0x00000000d607fc00, 0x00000000d66fe000)
 Metaspace       used 33559K, capacity 33980K, committed 34304K, reserved 1079296K
  class space    used 4574K, capacity 4742K, committed 4864K, reserved 1048576K
}
Event: 668.144 GC heap before
{Heap before GC invocations=57 (full 2):
 def new generation   total 8256K, used 7966K [0x00000000c0000000, 0x00000000c08f0000, 0x00000000d5550000)
  eden space 7360K, 100% used [0x00000000c0000000, 0x00000000c0730000, 0x00000000c0730000)
  from space 896K,  67% used [0x00000000c0810000, 0x00000000c08a7aa0, 0x00000000c08f0000)
  to   space 896K,   0% used [0x00000000c0730000, 0x00000000c0730000, 0x00000000c0810000)
 tenured generation   total 18104K, used 11454K [0x00000000d5550000, 0x00000000d66fe000, 0x0000000100000000)
   the space 18104K,  63% used [0x00000000d5550000, 0x00000000d607fab8, 0x00000000d607fc00, 0x00000000d66fe000)
 Metaspace       used 33840K, capacity 34298K, committed 34560K, reserved 1079296K
  class space    used 4611K, capacity 4781K, committed 4864K, reserved 1048576K
Event: 668.149 GC heap after
Heap after GC invocations=58 (full 2):
 def new generation   total 8256K, used 895K [0x00000000c0000000, 0x00000000c08f0000, 0x00000000d5550000)
  eden space 7360K,   0% used [0x00000000c0000000, 0x00000000c0000000, 0x00000000c0730000)
  from space 896K,  99% used [0x00000000c0730000, 0x00000000c080fff8, 0x00000000c0810000)
  to   space 896K,   0% used [0x00000000c0810000, 0x00000000c0810000, 0x00000000c08f0000)
 tenured generation   total 18104K, used 11919K [0x00000000d5550000, 0x00000000d66fe000, 0x0000000100000000)
   the space 18104K,  65% used [0x00000000d5550000, 0x00000000d60f3f98, 0x00000000d60f4000, 0x00000000d66fe000)
 Metaspace       used 33840K, capacity 34298K, committed 34560K, reserved 1079296K
  class space    used 4611K, capacity 4781K, committed 4864K, reserved 1048576K
}
Event: 668.252 GC heap before
{Heap before GC invocations=58 (full 2):
 def new generation   total 8256K, used 8255K [0x00000000c0000000, 0x00000000c08f0000, 0x00000000d5550000)
  eden space 7360K, 100% used [0x00000000c0000000, 0x00000000c0730000, 0x00000000c0730000)
  from space 896K,  99% used [0x00000000c0730000, 0x00000000c080fff8, 0x00000000c0810000)
  to   space 896K,   0% used [0x00000000c0810000, 0x00000000c0810000, 0x00000000c08f0000)
 tenured generation   total 18104K, used 11919K [0x00000000d5550000, 0x00000000d66fe000, 0x0000000100000000)
   the space 18104K,  65% used [0x00000000d5550000, 0x00000000d60f3f98, 0x00000000d60f4000, 0x00000000d66fe000)
 Metaspace       used 34068K, capacity 34548K, committed 34816K, reserved 1079296K
  class space    used 4636K, capacity 4823K, committed 4864K, reserved 1048576K
Event: 668.258 GC heap after
Heap after GC invocations=59 (full 2):
 def new generation   total 8256K, used 896K [0x00000000c0000000, 0x00000000c08f0000, 0x00000000d5550000)
  eden space 7360K,   0% used [0x00000000c0000000, 0x00000000c0000000, 0x00000000c0730000)
  from space 896K, 100% used [0x00000000c0810000, 0x00000000c08f0000, 0x00000000c08f0000)
  to   space 896K,   0% used [0x00000000c0730000, 0x00000000c0730000, 0x00000000c0810000)
 tenured generation   total 18104K, used 12929K [0x00000000d5550000, 0x00000000d66fe000, 0x0000000100000000)
   the space 18104K,  71% used [0x00000000d5550000, 0x00000000d61f0590, 0x00000000d61f0600, 0x00000000d66fe000)
 Metaspace       used 34068K, capacity 34548K, committed 34816K, reserved 1079296K
  class space    used 4636K, capacity 4823K, committed 4864K, reserved 1048576K
}
Event: 810.265 GC heap before
{Heap before GC invocations=59 (full 2):
 def new generation   total 8256K, used 8256K [0x00000000c0000000, 0x00000000c08f0000, 0x00000000d5550000)
  eden space 7360K, 100% used [0x00000000c0000000, 0x00000000c0730000, 0x00000000c0730000)
  from space 896K, 100% used [0x00000000c0810000, 0x00000000c08f0000, 0x00000000c08f0000)
  to   space 896K,   0% used [0x00000000c0730000, 0x00000000c0730000, 0x00000000c0810000)
 tenured generation   total 18104K, used 12929K [0x00000000d5550000, 0x00000000d66fe000, 0x0000000100000000)
   the space 18104K,  71% used [0x00000000d5550000, 0x00000000d61f0590, 0x00000000d61f0600, 0x00000000d66fe000)
 Metaspace       used 34676K, capacity 35266K, committed 35456K, reserved 1079296K
  class space    used 4708K, capacity 4884K, committed 4992K, reserved 1048576K
Event: 810.271 GC heap after
Heap after GC invocations=60 (full 2):
 def new generation   total 8256K, used 760K [0x00000000c0000000, 0x00000000c08f0000, 0x00000000d5550000)
  eden space 7360K,   0% used [0x00000000c0000000, 0x00000000c0000000, 0x00000000c0730000)
  from space 896K,  84% used [0x00000000c0730000, 0x00000000c07ee068, 0x00000000c0810000)
  to   space 896K,   0% used [0x00000000c0810000, 0x00000000c0810000, 0x00000000c08f0000)
 tenured generation   total 18104K, used 13821K [0x00000000d5550000, 0x00000000d66fe000, 0x0000000100000000)
   the space 18104K,  76% used [0x00000000d5550000, 0x00000000d62cf400, 0x00000000d62cf400, 0x00000000d66fe000)
 Metaspace       used 34676K, capacity 35266K, committed 35456K, reserved 1079296K
  class space    used 4708K, capacity 4884K, committed 4992K, reserved 1048576K
}
Event: 810.352 GC heap before
{Heap before GC invocations=60 (full 2):
 def new generation   total 8256K, used 8120K [0x00000000c0000000, 0x00000000c08f0000, 0x00000000d5550000)
  eden space 7360K, 100% used [0x00000000c0000000, 0x00000000c0730000, 0x00000000c0730000)
  from space 896K,  84% used [0x00000000c0730000, 0x00000000c07ee068, 0x00000000c0810000)
  to   space 896K,   0% used [0x00000000c0810000, 0x00000000c0810000, 0x00000000c08f0000)
 tenured generation   total 18104K, used 13821K [0x00000000d5550000, 0x00000000d66fe000, 0x0000000100000000)
   the space 18104K,  76% used [0x00000000d5550000, 0x00000000d62cf400, 0x00000000d62cf400, 0x00000000d66fe000)
 Metaspace       used 35083K, capacity 35682K, committed 35712K, reserved 1079296K
  class space    used 4780K, capacity 4980K, committed 4992K, reserved 1048576K
Event: 810.356 GC heap after
Heap after GC invocations=61 (full 2):
 def new generation   total 8256K, used 623K [0x00000000c0000000, 0x00000000c08f0000, 0x00000000d5550000)
  eden space 7360K,   0% used [0x00000000c0000000, 0x00000000c0000000, 0x00000000c0730000)
  from space 896K,  69% used [0x00000000c0810000, 0x00000000c08abcc0, 0x00000000c08f0000)
  to   space 896K,   0% used [0x00000000c0730000, 0x00000000c0730000, 0x00000000c0810000)
 tenured generation   total 18104K, used 14353K [0x00000000d5550000, 0x00000000d66fe000, 0x0000000100000000)
   the space 18104K,  79% used [0x00000000d5550000, 0x00000000d6354528, 0x00000000d6354600, 0x00000000d66fe000)
 Metaspace       used 35083K, capacity 35682K, committed 35712K, reserved 1079296K
  class space    used 4780K, capacity 4980K, committed 4992K, reserved 1048576K
}
Event: 810.402 GC heap before
{Heap before GC invocations=61 (full 2):
 def new generation   total 8256K, used 7983K [0x00000000c0000000, 0x00000000c08f0000, 0x00000000d5550000)
  eden space 7360K, 100% used [0x00000000c0000000, 0x00000000c0730000, 0x00000000c0730000)
  from space 896K,  69% used [0x00000000c0810000, 0x00000000c08abcc0, 0x00000000c08f0000)
  to   space 896K,   0% used [0x00000000c0730000, 0x00000000c0730000, 0x00000000c0810000)
 tenured generation   total 18104K, used 14353K [0x00000000d5550000, 0x00000000d66fe000, 0x0000000100000000)
   the space 18104K,  79% used [0x00000000d5550000, 0x00000000d6354528, 0x00000000d6354600, 0x00000000d66fe000)
 Metaspace       used 35523K, capacity 36098K, committed 36352K, reserved 1081344K
  class space    used 4842K, capacity 5012K, committed 5120K, reserved 1048576K
Event: 810.406 GC heap after
Heap after GC invocations=62 (full 2):
 def new generation   total 8256K, used 566K [0x00000000c0000000, 0x00000000c08f0000, 0x00000000d5550000)
  eden space 7360K,   0% used [0x00000000c0000000, 0x00000000c0000000, 0x00000000c0730000)
  from space 896K,  63% used [0x00000000c0730000, 0x00000000c07bd868, 0x00000000c0810000)
  to   space 896K,   0% used [0x00000000c0810000, 0x00000000c0810000, 0x00000000c08f0000)
 tenured generation   total 18104K, used 14530K [0x00000000d5550000, 0x00000000d66fe000, 0x0000000100000000)
   the space 18104K,  80% used [0x00000000d5550000, 0x00000000d6380990, 0x00000000d6380a00, 0x00000000d66fe000)
 Metaspace       used 35523K, capacity 36098K, committed 36352K, reserved 1081344K
  class space    used 4842K, capacity 5012K, committed 5120K, reserved 1048576K
}
Event: 810.509 GC heap before
{Heap before GC invocations=62 (full 2):
 def new generation   total 8256K, used 7926K [0x00000000c0000000, 0x00000000c08f0000, 0x00000000d5550000)
  eden space 7360K, 100% used [0x00000000c0000000, 0x00000000c0730000, 0x00000000c0730000)
  from space 896K,  63% used [0x00000000c0730000, 0x00000000c07bd868, 0x00000000c0810000)
  to   space 896K,   0% used [0x00000000c0810000, 0x00000000c0810000, 0x00000000c08f0000)
 tenured generation   total 18104K, used 14530K [0x00000000d5550000, 0x00000000d66fe000, 0x0000000100000000)
   the space 18104K,  80% used [0x00000000d5550000, 0x00000000d6380990, 0x00000000d6380a00, 0x00000000d66fe000)
 Metaspace       used 36698K, capacity 37232K, committed 37504K, reserved 1081344K
  class space    used 4980K, capacity 5150K, committed 5248K, reserved 1048576K
Event: 810.513 GC heap after
Heap after GC invocations=63 (full 2):
 def new generation   total 8256K, used 895K [0x00000000c0000000, 0x00000000c08f0000, 0x00000000d5550000)
  eden space 7360K,   0% used [0x00000000c0000000, 0x00000000c0000000, 0x00000000c0730000)
  from space 896K,  99% used [0x00000000c0810000, 0x00000000c08efff8, 0x00000000c08f0000)
  to   space 896K,   0% used [0x00000000c0730000, 0x00000000c0730000, 0x00000000c0810000)
 tenured generation   total 18104K, used 14665K [0x00000000d5550000, 0x00000000d66fe000, 0x0000000100000000)
   the space 18104K,  81% used [0x00000000d5550000, 0x00000000d63a2740, 0x00000000d63a2800, 0x00000000d66fe000)
 Metaspace       used 36698K, capacity 37232K, committed 37504K, reserved 1081344K
  class space    used 4980K, capacity 5150K, committed 5248K, reserved 1048576K
}
Event: 810.610 GC heap before
{Heap before GC invocations=63 (full 2):
 def new generation   total 8256K, used 8255K [0x00000000c0000000, 0x00000000c08f0000, 0x00000000d5550000)
  eden space 7360K, 100% used [0x00000000c0000000, 0x00000000c0730000, 0x00000000c0730000)
  from space 896K,  99% used [0x00000000c0810000, 0x00000000c08efff8, 0x00000000c08f0000)
  to   space 896K,   0% used [0x00000000c0730000, 0x00000000c0730000, 0x00000000c0810000)
 tenured generation   total 18104K, used 14665K [0x00000000d5550000, 0x00000000d66fe000, 0x0000000100000000)
   the space 18104K,  81% used [0x00000000d5550000, 0x00000000d63a2740, 0x00000000d63a2800, 0x00000000d66fe000)
 Metaspace       used 37403K, capacity 37924K, committed 38144K, reserved 1081344K
  class space    used 5055K, capacity 5251K, committed 5376K, reserved 1048576K
Event: 810.616 GC heap after
Heap after GC invocations=64 (full 2):
 def new generation   total 8256K, used 896K [0x00000000c0000000, 0x00000000c08f0000, 0x00000000d5550000)
  eden space 7360K,   0% used [0x00000000c0000000, 0x00000000c0000000, 0x00000000c0730000)
  from space 896K, 100% used [0x00000000c0730000, 0x00000000c0810000, 0x00000000c0810000)
  to   space 896K,   0% used [0x00000000c0810000, 0x00000000c0810000, 0x00000000c08f0000)
 tenured generation   total 18104K, used 15490K [0x00000000d5550000, 0x00000000d66fe000, 0x0000000100000000)
   the space 18104K,  85% used [0x00000000d5550000, 0x00000000d6470ba8, 0x00000000d6470c00, 0x00000000d66fe000)
 Metaspace       used 37403K, capacity 37924K, committed 38144K, reserved 1081344K
  class space    used 5055K, capacity 5251K, committed 5376K, reserved 1048576K
}
Event: 810.680 GC heap before
{Heap before GC invocations=64 (full 2):
 def new generation   total 8256K, used 8256K [0x00000000c0000000, 0x00000000c08f0000, 0x00000000d5550000)
  eden space 7360K, 100% used [0x00000000c0000000, 0x00000000c0730000, 0x00000000c0730000)
  from space 896K, 100% used [0x00000000c0730000, 0x00000000c0810000, 0x00000000c0810000)
  to   space 896K,   0% used [0x00000000c0810000, 0x00000000c0810000, 0x00000000c08f0000)
 tenured generation   total 18104K, used 15490K [0x00000000d5550000, 0x00000000d66fe000, 0x0000000100000000)
   the space 18104K,  85% used [0x00000000d5550000, 0x00000000d6470ba8, 0x00000000d6470c00, 0x00000000d66fe000)
 Metaspace       used 37766K, capacity 38308K, committed 38400K, reserved 1083392K
  class space    used 5115K, capacity 5315K, committed 5376K, reserved 1048576K
Event: 810.687 GC heap after
Heap after GC invocations=65 (full 2):
 def new generation   total 8256K, used 896K [0x00000000c0000000, 0x00000000c08f0000, 0x00000000d5550000)
  eden space 7360K,   0% used [0x00000000c0000000, 0x00000000c0000000, 0x00000000c0730000)
  from space 896K, 100% used [0x00000000c0810000, 0x00000000c08f0000, 0x00000000c08f0000)
  to   space 896K,   0% used [0x00000000c0730000, 0x00000000c0730000, 0x00000000c0810000)
 tenured generation   total 18104K, used 16816K [0x00000000d5550000, 0x00000000d66fe000, 0x0000000100000000)
   the space 18104K,  92% used [0x00000000d5550000, 0x00000000d65bc2b8, 0x00000000d65bc400, 0x00000000d66fe000)
 Metaspace       used 37766K, capacity 38308K, committed 38400K, reserved 1083392K
  class space    used 5115K, capacity 5315K, committed 5376K, reserved 1048576K
}
Event: 810.744 GC heap before
{Heap before GC invocations=65 (full 2):
 def new generation   total 8256K, used 8256K [0x00000000c0000000, 0x00000000c08f0000, 0x00000000d5550000)
  eden space 7360K, 100% used [0x00000000c0000000, 0x00000000c0730000, 0x00000000c0730000)
  from space 896K, 100% used [0x00000000c0810000, 0x00000000c08f0000, 0x00000000c08f0000)
  to   space 896K,   0% used [0x00000000c0730000, 0x00000000c0730000, 0x00000000c0810000)
 tenured generation   total 18104K, used 16816K [0x00000000d5550000, 0x00000000d66fe000, 0x0000000100000000)
   the space 18104K,  92% used [0x00000000d5550000, 0x00000000d65bc2b8, 0x00000000d65bc400, 0x00000000d66fe000)
 Metaspace       used 38265K, capacity 38788K, committed 39040K, reserved 1083392K
  class space    used 5190K, capacity 5411K, committed 5504K, reserved 1048576K
Event: 810.748 GC heap after
Heap after GC invocations=66 (full 2):
 def new generation   total 8256K, used 595K [0x00000000c0000000, 0x00000000c08f0000, 0x00000000d5550000)
  eden space 7360K,   0% used [0x00000000c0000000, 0x00000000c0000000, 0x00000000c0730000)
  from space 896K,  66% used [0x00000000c0730000, 0x00000000c07c4f78, 0x00000000c0810000)
  to   space 896K,   0% used [0x00000000c0810000, 0x00000000c0810000, 0x00000000c08f0000)
 tenured generation   total 18104K, used 17711K [0x00000000d5550000, 0x00000000d66fe000, 0x0000000100000000)
   the space 18104K,  97% used [0x00000000d5550000, 0x00000000d669bfb8, 0x00000000d669c000, 0x00000000d66fe000)
 Metaspace       used 38265K, capacity 38788K, committed 39040K, reserved 1083392K
  class space    used 5190K, capacity 5411K, committed 5504K, reserved 1048576K
}
Event: 811.038 GC heap before
{Heap before GC invocations=66 (full 2):
 def new generation   total 8256K, used 7955K [0x00000000c0000000, 0x00000000c08f0000, 0x00000000d5550000)
  eden space 7360K, 100% used [0x00000000c0000000, 0x00000000c0730000, 0x00000000c0730000)
  from space 896K,  66% used [0x00000000c0730000, 0x00000000c07c4f78, 0x00000000c0810000)
  to   space 896K,   0% used [0x00000000c0810000, 0x00000000c0810000, 0x00000000c08f0000)
 tenured generation   total 18104K, used 17711K [0x00000000d5550000, 0x00000000d66fe000, 0x0000000100000000)
   the space 18104K,  97% used [0x00000000d5550000, 0x00000000d669bfb8, 0x00000000d669c000, 0x00000000d66fe000)
 Metaspace       used 41315K, capacity 41914K, committed 42112K, reserved 1085440K
  class space    used 5554K, capacity 5704K, committed 5760K, reserved 1048576K
Event: 811.042 GC heap after
Heap after GC invocations=67 (full 2):
 def new generation   total 8256K, used 896K [0x00000000c0000000, 0x00000000c08f0000, 0x00000000d5550000)
  eden space 7360K,   0% used [0x00000000c0000000, 0x00000000c0000000, 0x00000000c0730000)
  from space 896K, 100% used [0x00000000c0810000, 0x00000000c08f0000, 0x00000000c08f0000)
  to   space 896K,   0% used [0x00000000c0730000, 0x00000000c0730000, 0x00000000c0810000)
 tenured generation   total 18104K, used 17990K [0x00000000d5550000, 0x00000000d66fe000, 0x0000000100000000)
   the space 18104K,  99% used [0x00000000d5550000, 0x00000000d66e1948, 0x00000000d66e1a00, 0x00000000d66fe000)
 Metaspace       used 41315K, capacity 41914K, committed 42112K, reserved 1085440K
  class space    used 5554K, capacity 5704K, committed 5760K, reserved 1048576K
}
Event: 811.182 GC heap before
{Heap before GC invocations=67 (full 2):
 def new generation   total 8256K, used 8256K [0x00000000c0000000, 0x00000000c08f0000, 0x00000000d5550000)
  eden space 7360K, 100% used [0x00000000c0000000, 0x00000000c0730000, 0x00000000c0730000)
  from space 896K, 100% used [0x00000000c0810000, 0x00000000c08f0000, 0x00000000c08f0000)
  to   space 896K,   0% used [0x00000000c0730000, 0x00000000c0730000, 0x00000000c0810000)
 tenured generation   total 18104K, used 17990K [0x00000000d5550000, 0x00000000d66fe000, 0x0000000100000000)
   the space 18104K,  99% used [0x00000000d5550000, 0x00000000d66e1948, 0x00000000d66e1a00, 0x00000000d66fe000)
 Metaspace       used 43138K, capacity 43738K, committed 43904K, reserved 1087488K
  class space    used 5768K, capacity 5928K, committed 6016K, reserved 1048576K
Event: 811.242 GC heap after
Heap after GC invocations=68 (full 3):
 def new generation   total 13248K, used 0K [0x00000000c0000000, 0x00000000c0e60000, 0x00000000d5550000)
  eden space 11776K,   0% used [0x00000000c0000000, 0x00000000c0000000, 0x00000000c0b80000)
  from space 1472K,   0% used [0x00000000c0b80000, 0x00000000c0b80000, 0x00000000c0cf0000)
  to   space 1472K,   0% used [0x00000000c0cf0000, 0x00000000c0cf0000, 0x00000000c0e60000)
 tenured generation   total 29256K, used 17552K [0x00000000d5550000, 0x00000000d71e2000, 0x0000000100000000)
   the space 29256K,  59% used [0x00000000d5550000, 0x00000000d66742c0, 0x00000000d6674400, 0x00000000d71e2000)
 Metaspace       used 43122K, capacity 43718K, committed 43904K, reserved 1087488K
  class space    used 5761K, capacity 5920K, committed 6016K, reserved 1048576K
}
Event: 811.693 GC heap before
{Heap before GC invocations=68 (full 3):
 def new generation   total 13248K, used 11776K [0x00000000c0000000, 0x00000000c0e60000, 0x00000000d5550000)
  eden space 11776K, 100% used [0x00000000c0000000, 0x00000000c0b80000, 0x00000000c0b80000)
  from space 1472K,   0% used [0x00000000c0b80000, 0x00000000c0b80000, 0x00000000c0cf0000)
  to   space 1472K,   0% used [0x00000000c0cf0000, 0x00000000c0cf0000, 0x00000000c0e60000)
 tenured generation   total 29256K, used 17552K [0x00000000d5550000, 0x00000000d71e2000, 0x0000000100000000)
   the space 29256K,  59% used [0x00000000d5550000, 0x00000000d66742c0, 0x00000000d6674400, 0x00000000d71e2000)
 Metaspace       used 43611K, capacity 44204K, committed 44544K, reserved 1087488K
  class space    used 5845K, capacity 6017K, committed 6144K, reserved 1048576K
Event: 811.697 GC heap after
Heap after GC invocations=69 (full 3):
 def new generation   total 13248K, used 717K [0x00000000c0000000, 0x00000000c0e60000, 0x00000000d5550000)
  eden space 11776K,   0% used [0x00000000c0000000, 0x00000000c0000000, 0x00000000c0b80000)
  from space 1472K,  48% used [0x00000000c0cf0000, 0x00000000c0da3728, 0x00000000c0e60000)
  to   space 1472K,   0% used [0x00000000c0b80000, 0x00000000c0b80000, 0x00000000c0cf0000)
 tenured generation   total 29256K, used 17552K [0x00000000d5550000, 0x00000000d71e2000, 0x0000000100000000)
   the space 29256K,  59% used [0x00000000d5550000, 0x00000000d66742c0, 0x00000000d6674400, 0x00000000d71e2000)
 Metaspace       used 43611K, capacity 44204K, committed 44544K, reserved 1087488K
  class space    used 5845K, capacity 6017K, committed 6144K, reserved 1048576K
}
Event: 811.910 GC heap before
{Heap before GC invocations=69 (full 3):
 def new generation   total 13248K, used 12493K [0x00000000c0000000, 0x00000000c0e60000, 0x00000000d5550000)
  eden space 11776K, 100% used [0x00000000c0000000, 0x00000000c0b80000, 0x00000000c0b80000)
  from space 1472K,  48% used [0x00000000c0cf0000, 0x00000000c0da3728, 0x00000000c0e60000)
  to   space 1472K,   0% used [0x00000000c0b80000, 0x00000000c0b80000, 0x00000000c0cf0000)
 tenured generation   total 29256K, used 17552K [0x00000000d5550000, 0x00000000d71e2000, 0x0000000100000000)
   the space 29256K,  59% used [0x00000000d5550000, 0x00000000d66742c0, 0x00000000d6674400, 0x00000000d71e2000)
 Metaspace       used 44041K, capacity 44694K, committed 44800K, reserved 1087488K
  class space    used 5917K, capacity 6091K, committed 6144K, reserved 1048576K
Event: 811.917 GC heap after
Heap after GC invocations=70 (full 3):
 def new generation   total 13248K, used 1472K [0x00000000c0000000, 0x00000000c0e60000, 0x00000000d5550000)
  eden space 11776K,   0% used [0x00000000c0000000, 0x00000000c0000000, 0x00000000c0b80000)
  from space 1472K, 100% used [0x00000000c0b80000, 0x00000000c0cf0000, 0x00000000c0cf0000)
  to   space 1472K,   0% used [0x00000000c0cf0000, 0x00000000c0cf0000, 0x00000000c0e60000)
 tenured generation   total 29256K, used 18047K [0x00000000d5550000, 0x00000000d71e2000, 0x0000000100000000)
   the space 29256K,  61% used [0x00000000d5550000, 0x00000000d66efda0, 0x00000000d66efe00, 0x00000000d71e2000)
 Metaspace       used 44041K, capacity 44694K, committed 44800K, reserved 1087488K
  class space    used 5917K, capacity 6091K, committed 6144K, reserved 1048576K
}
Event: 812.027 GC heap before
{Heap before GC invocations=70 (full 3):
 def new generation   total 13248K, used 13248K [0x00000000c0000000, 0x00000000c0e60000, 0x00000000d5550000)
  eden space 11776K, 100% used [0x00000000c0000000, 0x00000000c0b80000, 0x00000000c0b80000)
  from space 1472K, 100% used [0x00000000c0b80000, 0x00000000c0cf0000, 0x00000000c0cf0000)
  to   space 1472K,   0% used [0x00000000c0cf0000, 0x00000000c0cf0000, 0x00000000c0e60000)
 tenured generation   total 29256K, used 18047K [0x00000000d5550000, 0x00000000d71e2000, 0x0000000100000000)
   the space 29256K,  61% used [0x00000000d5550000, 0x00000000d66efda0, 0x00000000d66efe00, 0x00000000d71e2000)
 Metaspace       used 44312K, capacity 45004K, committed 45184K, reserved 1087488K
  class space    used 5965K, capacity 6171K, committed 6272K, reserved 1048576K
Event: 812.039 GC heap after
Heap after GC invocations=71 (full 3):
 def new generation   total 13248K, used 1472K [0x00000000c0000000, 0x00000000c0e60000, 0x00000000d5550000)
  eden space 11776K,   0% used [0x00000000c0000000, 0x00000000c0000000, 0x00000000c0b80000)
  from space 1472K, 100% used [0x00000000c0cf0000, 0x00000000c0e60000, 0x00000000c0e60000)
  to   space 1472K,   0% used [0x00000000c0b80000, 0x00000000c0b80000, 0x00000000c0cf0000)
 tenured generation   total 29256K, used 19674K [0x00000000d5550000, 0x00000000d71e2000, 0x0000000100000000)
   the space 29256K,  67% used [0x00000000d5550000, 0x00000000d6886970, 0x00000000d6886a00, 0x00000000d71e2000)
 Metaspace       used 44312K, capacity 45004K, committed 45184K, reserved 1087488K
  class space    used 5965K, capacity 6171K, committed 6272K, reserved 1048576K
}
Event: 885.751 GC heap before
{Heap before GC invocations=71 (full 3):
 def new generation   total 13248K, used 13248K [0x00000000c0000000, 0x00000000c0e60000, 0x00000000d5550000)
  eden space 11776K, 100% used [0x00000000c0000000, 0x00000000c0b80000, 0x00000000c0b80000)
  from space 1472K, 100% used [0x00000000c0cf0000, 0x00000000c0e60000, 0x00000000c0e60000)
  to   space 1472K,   0% used [0x00000000c0b80000, 0x00000000c0b80000, 0x00000000c0cf0000)
 tenured generation   total 29256K, used 19674K [0x00000000d5550000, 0x00000000d71e2000, 0x0000000100000000)
   the space 29256K,  67% used [0x00000000d5550000, 0x00000000d6886970, 0x00000000d6886a00, 0x00000000d71e2000)
 Metaspace       used 44669K, capacity 45388K, committed 45440K, reserved 1089536K
  class space    used 6031K, capacity 6256K, committed 6272K, reserved 1048576K
Event: 885.767 GC heap after
Heap after GC invocations=72 (full 3):
 def new generation   total 13248K, used 1472K [0x00000000c0000000, 0x00000000c0e60000, 0x00000000d5550000)
  eden space 11776K,   0% used [0x00000000c0000000, 0x00000000c0000000, 0x00000000c0b80000)
  from space 1472K, 100% used [0x00000000c0b80000, 0x00000000c0cf0000, 0x00000000c0cf0000)
  to   space 1472K,   0% used [0x00000000c0cf0000, 0x00000000c0cf0000, 0x00000000c0e60000)
 tenured generation   total 29256K, used 21314K [0x00000000d5550000, 0x00000000d71e2000, 0x0000000100000000)
   the space 29256K,  72% used [0x00000000d5550000, 0x00000000d6a20970, 0x00000000d6a20a00, 0x00000000d71e2000)
 Metaspace       used 44669K, capacity 45388K, committed 45440K, reserved 1089536K
  class space    used 6031K, capacity 6256K, committed 6272K, reserved 1048576K
}
Event: 885.942 GC heap before
{Heap before GC invocations=72 (full 3):
 def new generation   total 13248K, used 13248K [0x00000000c0000000, 0x00000000c0e60000, 0x00000000d5550000)
  eden space 11776K, 100% used [0x00000000c0000000, 0x00000000c0b80000, 0x00000000c0b80000)
  from space 1472K, 100% used [0x00000000c0b80000, 0x00000000c0cf0000, 0x00000000c0cf0000)
  to   space 1472K,   0% used [0x00000000c0cf0000, 0x00000000c0cf0000, 0x00000000c0e60000)
 tenured generation   total 29256K, used 21314K [0x00000000d5550000, 0x00000000d71e2000, 0x0000000100000000)
   the space 29256K,  72% used [0x00000000d5550000, 0x00000000d6a20970, 0x00000000d6a20a00, 0x00000000d71e2000)
 Metaspace       used 44866K, capacity 45686K, committed 45824K, reserved 1089536K
  class space    used 6063K, capacity 6309K, committed 6400K, reserved 1048576K
Event: 885.952 GC heap after
Heap after GC invocations=73 (full 3):
 def new generation   total 13248K, used 932K [0x00000000c0000000, 0x00000000c0e60000, 0x00000000d5550000)
  eden space 11776K,   0% used [0x00000000c0000000, 0x00000000c0000000, 0x00000000c0b80000)
  from space 1472K,  63% used [0x00000000c0cf0000, 0x00000000c0dd9120, 0x00000000c0e60000)
  to   space 1472K,   0% used [0x00000000c0b80000, 0x00000000c0b80000, 0x00000000c0cf0000)
 tenured generation   total 29256K, used 22744K [0x00000000d5550000, 0x00000000d71e2000, 0x0000000100000000)
   the space 29256K,  77% used [0x00000000d5550000, 0x00000000d6b862c8, 0x00000000d6b86400, 0x00000000d71e2000)
 Metaspace       used 44866K, capacity 45686K, committed 45824K, reserved 1089536K
  class space    used 6063K, capacity 6309K, committed 6400K, reserved 1048576K
}
Event: 886.088 GC heap before
{Heap before GC invocations=73 (full 3):
 def new generation   total 13248K, used 12708K [0x00000000c0000000, 0x00000000c0e60000, 0x00000000d5550000)
  eden space 11776K, 100% used [0x00000000c0000000, 0x00000000c0b80000, 0x00000000c0b80000)
  from space 1472K,  63% used [0x00000000c0cf0000, 0x00000000c0dd9120, 0x00000000c0e60000)
  to   space 1472K,   0% used [0x00000000c0b80000, 0x00000000c0b80000, 0x00000000c0cf0000)
 tenured generation   total 29256K, used 22744K [0x00000000d5550000, 0x00000000d71e2000, 0x0000000100000000)
   the space 29256K,  77% used [0x00000000d5550000, 0x00000000d6b862c8, 0x00000000d6b86400, 0x00000000d71e2000)
 Metaspace       used 45042K, capacity 45858K, committed 46080K, reserved 1089536K
  class space    used 6085K, capacity 6345K, committed 6400K, reserved 1048576K
Event: 886.112 GC heap after
Heap after GC invocations=74 (full 3):
 def new generation   total 13248K, used 1060K [0x00000000c0000000, 0x00000000c0e60000, 0x00000000d5550000)
  eden space 11776K,   0% used [0x00000000c0000000, 0x00000000c0000000, 0x00000000c0b80000)
  from space 1472K,  72% used [0x00000000c0b80000, 0x00000000c0c893b8, 0x00000000c0cf0000)
  to   space 1472K,   0% used [0x00000000c0cf0000, 0x00000000c0cf0000, 0x00000000c0e60000)
 tenured generation   total 29256K, used 23589K [0x00000000d5550000, 0x00000000d71e2000, 0x0000000100000000)
   the space 29256K,  80% used [0x00000000d5550000, 0x00000000d6c594f8, 0x00000000d6c59600, 0x00000000d71e2000)
 Metaspace       used 45042K, capacity 45858K, committed 46080K, reserved 1089536K
  class space    used 6085K, capacity 6345K, committed 6400K, reserved 1048576K
}
Event: 886.621 GC heap before
{Heap before GC invocations=74 (full 3):
 def new generation   total 13248K, used 12836K [0x00000000c0000000, 0x00000000c0e60000, 0x00000000d5550000)
  eden space 11776K, 100% used [0x00000000c0000000, 0x00000000c0b80000, 0x00000000c0b80000)
  from space 1472K,  72% used [0x00000000c0b80000, 0x00000000c0c893b8, 0x00000000c0cf0000)
  to   space 1472K,   0% used [0x00000000c0cf0000, 0x00000000c0cf0000, 0x00000000c0e60000)
 tenured generation   total 29256K, used 23589K [0x00000000d5550000, 0x00000000d71e2000, 0x0000000100000000)
   the space 29256K,  80% used [0x00000000d5550000, 0x00000000d6c594f8, 0x00000000d6c59600, 0x00000000d71e2000)
 Metaspace       used 45282K, capacity 46126K, committed 46336K, reserved 1089536K
  class space    used 6092K, capacity 6347K, committed 6400K, reserved 1048576K
Event: 886.628 GC heap after
Heap after GC invocations=75 (full 3):
 def new generation   total 13248K, used 185K [0x00000000c0000000, 0x00000000c0e60000, 0x00000000d5550000)
  eden space 11776K,   0% used [0x00000000c0000000, 0x00000000c0000000, 0x00000000c0b80000)
  from space 1472K,  12% used [0x00000000c0cf0000, 0x00000000c0d1e410, 0x00000000c0e60000)
  to   space 1472K,   0% used [0x00000000c0b80000, 0x00000000c0b80000, 0x00000000c0cf0000)
 tenured generation   total 29256K, used 24483K [0x00000000d5550000, 0x00000000d71e2000, 0x0000000100000000)
   the space 29256K,  83% used [0x00000000d5550000, 0x00000000d6d38ef0, 0x00000000d6d39000, 0x00000000d71e2000)
 Metaspace       used 45282K, capacity 46126K, committed 46336K, reserved 1089536K
  class space    used 6092K, capacity 6347K, committed 6400K, reserved 1048576K
}
Event: 886.917 GC heap before
{Heap before GC invocations=75 (full 3):
 def new generation   total 13248K, used 11961K [0x00000000c0000000, 0x00000000c0e60000, 0x00000000d5550000)
  eden space 11776K, 100% used [0x00000000c0000000, 0x00000000c0b80000, 0x00000000c0b80000)
  from space 1472K,  12% used [0x00000000c0cf0000, 0x00000000c0d1e410, 0x00000000c0e60000)
  to   space 1472K,   0% used [0x00000000c0b80000, 0x00000000c0b80000, 0x00000000c0cf0000)
 tenured generation   total 29256K, used 24483K [0x00000000d5550000, 0x00000000d71e2000, 0x0000000100000000)
   the space 29256K,  83% used [0x00000000d5550000, 0x00000000d6d38ef0, 0x00000000d6d39000, 0x00000000d71e2000)
 Metaspace       used 45349K, capacity 46190K, committed 46336K, reserved 1089536K
  class space    used 6092K, capacity 6347K, committed 6400K, reserved 1048576K
Event: 886.920 GC heap after
Heap after GC invocations=76 (full 3):
 def new generation   total 13248K, used 125K [0x00000000c0000000, 0x00000000c0e60000, 0x00000000d5550000)
  eden space 11776K,   0% used [0x00000000c0000000, 0x00000000c0000000, 0x00000000c0b80000)
  from space 1472K,   8% used [0x00000000c0b80000, 0x00000000c0b9f5a0, 0x00000000c0cf0000)
  to   space 1472K,   0% used [0x00000000c0cf0000, 0x00000000c0cf0000, 0x00000000c0e60000)
 tenured generation   total 29256K, used 24483K [0x00000000d5550000, 0x00000000d71e2000, 0x0000000100000000)
   the space 29256K,  83% used [0x00000000d5550000, 0x00000000d6d38ef0, 0x00000000d6d39000, 0x00000000d71e2000)
 Metaspace       used 45349K, capacity 46190K, committed 46336K, reserved 1089536K
  class space    used 6092K, capacity 6347K, committed 6400K, reserved 1048576K
}
Event: 887.138 GC heap before
{Heap before GC invocations=76 (full 3):
 def new generation   total 13248K, used 11901K [0x00000000c0000000, 0x00000000c0e60000, 0x00000000d5550000)
  eden space 11776K, 100% used [0x00000000c0000000, 0x00000000c0b80000, 0x00000000c0b80000)
  from space 1472K,   8% used [0x00000000c0b80000, 0x00000000c0b9f5a0, 0x00000000c0cf0000)
  to   space 1472K,   0% used [0x00000000c0cf0000, 0x00000000c0cf0000, 0x00000000c0e60000)
 tenured generation   total 29256K, used 24483K [0x00000000d5550000, 0x00000000d71e2000, 0x0000000100000000)
   the space 29256K,  83% used [0x00000000d5550000, 0x00000000d6d38ef0, 0x00000000d6d39000, 0x00000000d71e2000)
 Metaspace       used 45358K, capacity 46190K, committed 46336K, reserved 1089536K
  class space    used 6092K, capacity 6347K, committed 6400K, reserved 1048576K
Event: 887.140 GC heap after
Heap after GC invocations=77 (full 3):
 def new generation   total 13248K, used 141K [0x00000000c0000000, 0x00000000c0e60000, 0x00000000d5550000)
  eden space 11776K,   0% used [0x00000000c0000000, 0x00000000c0000000, 0x00000000c0b80000)
  from space 1472K,   9% used [0x00000000c0cf0000, 0x00000000c0d13728, 0x00000000c0e60000)
  to   space 1472K,   0% used [0x00000000c0b80000, 0x00000000c0b80000, 0x00000000c0cf0000)
 tenured generation   total 29256K, used 24483K [0x00000000d5550000, 0x00000000d71e2000, 0x0000000100000000)
   the space 29256K,  83% used [0x00000000d5550000, 0x00000000d6d38ef0, 0x00000000d6d39000, 0x00000000d71e2000)
 Metaspace       used 45358K, capacity 46190K, committed 46336K, reserved 1089536K
  class space    used 6092K, capacity 6347K, committed 6400K, reserved 1048576K
}
Event: 887.286 GC heap before
{Heap before GC invocations=77 (full 3):
 def new generation   total 13248K, used 11917K [0x00000000c0000000, 0x00000000c0e60000, 0x00000000d5550000)
  eden space 11776K, 100% used [0x00000000c0000000, 0x00000000c0b80000, 0x00000000c0b80000)
  from space 1472K,   9% used [0x00000000c0cf0000, 0x00000000c0d13728, 0x00000000c0e60000)
  to   space 1472K,   0% used [0x00000000c0b80000, 0x00000000c0b80000, 0x00000000c0cf0000)
 tenured generation   total 29256K, used 24483K [0x00000000d5550000, 0x00000000d71e2000, 0x0000000100000000)
   the space 29256K,  83% used [0x00000000d5550000, 0x00000000d6d38ef0, 0x00000000d6d39000, 0x00000000d71e2000)
 Metaspace       used 45358K, capacity 46190K, committed 46336K, reserved 1089536K
  class space    used 6092K, capacity 6347K, committed 6400K, reserved 1048576K
Event: 887.288 GC heap after
Heap after GC invocations=78 (full 3):
 def new generation   total 13248K, used 115K [0x00000000c0000000, 0x00000000c0e60000, 0x00000000d5550000)
  eden space 11776K,   0% used [0x00000000c0000000, 0x00000000c0000000, 0x00000000c0b80000)
  from space 1472K,   7% used [0x00000000c0b80000, 0x00000000c0b9cf50, 0x00000000c0cf0000)
  to   space 1472K,   0% used [0x00000000c0cf0000, 0x00000000c0cf0000, 0x00000000c0e60000)
 tenured generation   total 29256K, used 24483K [0x00000000d5550000, 0x00000000d71e2000, 0x0000000100000000)
   the space 29256K,  83% used [0x00000000d5550000, 0x00000000d6d38ef0, 0x00000000d6d39000, 0x00000000d71e2000)
 Metaspace       used 45358K, capacity 46190K, committed 46336K, reserved 1089536K
  class space    used 6092K, capacity 6347K, committed 6400K, reserved 1048576K
}
Event: 888.012 GC heap before
{Heap before GC invocations=78 (full 3):
 def new generation   total 13248K, used 11891K [0x00000000c0000000, 0x00000000c0e60000, 0x00000000d5550000)
  eden space 11776K, 100% used [0x00000000c0000000, 0x00000000c0b80000, 0x00000000c0b80000)
  from space 1472K,   7% used [0x00000000c0b80000, 0x00000000c0b9cf50, 0x00000000c0cf0000)
  to   space 1472K,   0% used [0x00000000c0cf0000, 0x00000000c0cf0000, 0x00000000c0e60000)
 tenured generation   total 29256K, used 24483K [0x00000000d5550000, 0x00000000d71e2000, 0x0000000100000000)
   the space 29256K,  83% used [0x00000000d5550000, 0x00000000d6d38ef0, 0x00000000d6d39000, 0x00000000d71e2000)
 Metaspace       used 45843K, capacity 46596K, committed 46720K, reserved 1089536K
  class space    used 6177K, capacity 6421K, committed 6528K, reserved 1048576K
Event: 888.016 GC heap after
Heap after GC invocations=79 (full 3):
 def new generation   total 13248K, used 874K [0x00000000c0000000, 0x00000000c0e60000, 0x00000000d5550000)
  eden space 11776K,   0% used [0x00000000c0000000, 0x00000000c0000000, 0x00000000c0b80000)
  from space 1472K,  59% used [0x00000000c0cf0000, 0x00000000c0dcab28, 0x00000000c0e60000)
  to   space 1472K,   0% used [0x00000000c0b80000, 0x00000000c0b80000, 0x00000000c0cf0000)
 tenured generation   total 29256K, used 24483K [0x00000000d5550000, 0x00000000d71e2000, 0x0000000100000000)
   the space 29256K,  83% used [0x00000000d5550000, 0x00000000d6d38ef0, 0x00000000d6d39000, 0x00000000d71e2000)
 Metaspace       used 45843K, capacity 46596K, committed 46720K, reserved 1089536K
  class space    used 6177K, capacity 6421K, committed 6528K, reserved 1048576K
}
Event: 888.105 GC heap before
{Heap before GC invocations=79 (full 3):
 def new generation   total 13248K, used 12650K [0x00000000c0000000, 0x00000000c0e60000, 0x00000000d5550000)
  eden space 11776K, 100% used [0x00000000c0000000, 0x00000000c0b80000, 0x00000000c0b80000)
  from space 1472K,  59% used [0x00000000c0cf0000, 0x00000000c0dcab28, 0x00000000c0e60000)
  to   space 1472K,   0% used [0x00000000c0b80000, 0x00000000c0b80000, 0x00000000c0cf0000)
 tenured generation   total 29256K, used 24483K [0x00000000d5550000, 0x00000000d71e2000, 0x0000000100000000)
   the space 29256K,  83% used [0x00000000d5550000, 0x00000000d6d38ef0, 0x00000000d6d39000, 0x00000000d71e2000)
 Metaspace       used 45843K, capacity 46596K, committed 46720K, reserved 1089536K
  class space    used 6177K, capacity 6421K, committed 6528K, reserved 1048576K
Event: 888.108 GC heap after
Heap after GC invocations=80 (full 3):
 def new generation   total 13248K, used 1K [0x00000000c0000000, 0x00000000c0e60000, 0x00000000d5550000)
  eden space 11776K,   0% used [0x00000000c0000000, 0x00000000c0000000, 0x00000000c0b80000)
  from space 1472K,   0% used [0x00000000c0b80000, 0x00000000c0b805b0, 0x00000000c0cf0000)
  to   space 1472K,   0% used [0x00000000c0cf0000, 0x00000000c0cf0000, 0x00000000c0e60000)
 tenured generation   total 29256K, used 25002K [0x00000000d5550000, 0x00000000d71e2000, 0x0000000100000000)
   the space 29256K,  85% used [0x00000000d5550000, 0x00000000d6dba958, 0x00000000d6dbaa00, 0x00000000d71e2000)
 Metaspace       used 45843K, capacity 46596K, committed 46720K, reserved 1089536K
  class space    used 6177K, capacity 6421K, committed 6528K, reserved 1048576K
}
Event: 888.175 GC heap before
{Heap before GC invocations=80 (full 3):
 def new generation   total 13248K, used 11777K [0x00000000c0000000, 0x00000000c0e60000, 0x00000000d5550000)
  eden space 11776K, 100% used [0x00000000c0000000, 0x00000000c0b80000, 0x00000000c0b80000)
  from space 1472K,   0% used [0x00000000c0b80000, 0x00000000c0b805b0, 0x00000000c0cf0000)
  to   space 1472K,   0% used [0x00000000c0cf0000, 0x00000000c0cf0000, 0x00000000c0e60000)
 tenured generation   total 29256K, used 25002K [0x00000000d5550000, 0x00000000d71e2000, 0x0000000100000000)
   the space 29256K,  85% used [0x00000000d5550000, 0x00000000d6dba958, 0x00000000d6dbaa00, 0x00000000d71e2000)
 Metaspace       used 45843K, capacity 46596K, committed 46720K, reserved 1089536K
  class space    used 6177K, capacity 6421K, committed 6528K, reserved 1048576K
Event: 888.177 GC heap after
Heap after GC invocations=81 (full 3):
 def new generation   total 13248K, used 1K [0x00000000c0000000, 0x00000000c0e60000, 0x00000000d5550000)
  eden space 11776K,   0% used [0x00000000c0000000, 0x00000000c0000000, 0x00000000c0b80000)
  from space 1472K,   0% used [0x00000000c0cf0000, 0x00000000c0cf05b0, 0x00000000c0e60000)
  to   space 1472K,   0% used [0x00000000c0b80000, 0x00000000c0b80000, 0x00000000c0cf0000)
 tenured generation   total 29256K, used 25002K [0x00000000d5550000, 0x00000000d71e2000, 0x0000000100000000)
   the space 29256K,  85% used [0x00000000d5550000, 0x00000000d6dba958, 0x00000000d6dbaa00, 0x00000000d71e2000)
 Metaspace       used 45843K, capacity 46596K, committed 46720K, reserved 1089536K
  class space    used 6177K, capacity 6421K, committed 6528K, reserved 1048576K
}
Event: 888.384 GC heap before
{Heap before GC invocations=81 (full 3):
 def new generation   total 13248K, used 11777K [0x00000000c0000000, 0x00000000c0e60000, 0x00000000d5550000)
  eden space 11776K, 100% used [0x00000000c0000000, 0x00000000c0b80000, 0x00000000c0b80000)
  from space 1472K,   0% used [0x00000000c0cf0000, 0x00000000c0cf05b0, 0x00000000c0e60000)
  to   space 1472K,   0% used [0x00000000c0b80000, 0x00000000c0b80000, 0x00000000c0cf0000)
 tenured generation   total 29256K, used 25002K [0x00000000d5550000, 0x00000000d71e2000, 0x0000000100000000)
   the space 29256K,  85% used [0x00000000d5550000, 0x00000000d6dba958, 0x00000000d6dbaa00, 0x00000000d71e2000)
 Metaspace       used 46019K, capacity 46794K, committed 46976K, reserved 1089536K
  class space    used 6178K, capacity 6422K, committed 6528K, reserved 1048576K
Event: 888.387 GC heap after
Heap after GC invocations=82 (full 3):
 def new generation   total 13248K, used 377K [0x00000000c0000000, 0x00000000c0e60000, 0x00000000d5550000)
  eden space 11776K,   0% used [0x00000000c0000000, 0x00000000c0000000, 0x00000000c0b80000)
  from space 1472K,  25% used [0x00000000c0b80000, 0x00000000c0bde5a0, 0x00000000c0cf0000)
  to   space 1472K,   0% used [0x00000000c0cf0000, 0x00000000c0cf0000, 0x00000000c0e60000)
 tenured generation   total 29256K, used 25002K [0x00000000d5550000, 0x00000000d71e2000, 0x0000000100000000)
   the space 29256K,  85% used [0x00000000d5550000, 0x00000000d6dba958, 0x00000000d6dbaa00, 0x00000000d71e2000)
 Metaspace       used 46019K, capacity 46794K, committed 46976K, reserved 1089536K
  class space    used 6178K, capacity 6422K, committed 6528K, reserved 1048576K
}
Event: 888.555 GC heap before
{Heap before GC invocations=82 (full 3):
 def new generation   total 13248K, used 12153K [0x00000000c0000000, 0x00000000c0e60000, 0x00000000d5550000)
  eden space 11776K, 100% used [0x00000000c0000000, 0x00000000c0b80000, 0x00000000c0b80000)
  from space 1472K,  25% used [0x00000000c0b80000, 0x00000000c0bde5a0, 0x00000000c0cf0000)
  to   space 1472K,   0% used [0x00000000c0cf0000, 0x00000000c0cf0000, 0x00000000c0e60000)
 tenured generation   total 29256K, used 25002K [0x00000000d5550000, 0x00000000d71e2000, 0x0000000100000000)
   the space 29256K,  85% used [0x00000000d5550000, 0x00000000d6dba958, 0x00000000d6dbaa00, 0x00000000d71e2000)
 Metaspace       used 46097K, capacity 46922K, committed 47232K, reserved 1089536K
  class space    used 6178K, capacity 6422K, committed 6528K, reserved 1048576K
Event: 888.559 GC heap after
Heap after GC invocations=83 (full 3):
 def new generation   total 13248K, used 695K [0x00000000c0000000, 0x00000000c0e60000, 0x00000000d5550000)
  eden space 11776K,   0% used [0x00000000c0000000, 0x00000000c0000000, 0x00000000c0b80000)
  from space 1472K,  47% used [0x00000000c0cf0000, 0x00000000c0d9ddf0, 0x00000000c0e60000)
  to   space 1472K,   0% used [0x00000000c0b80000, 0x00000000c0b80000, 0x00000000c0cf0000)
 tenured generation   total 29256K, used 25002K [0x00000000d5550000, 0x00000000d71e2000, 0x0000000100000000)
   the space 29256K,  85% used [0x00000000d5550000, 0x00000000d6dba958, 0x00000000d6dbaa00, 0x00000000d71e2000)
 Metaspace       used 46097K, capacity 46922K, committed 47232K, reserved 1089536K
  class space    used 6178K, capacity 6422K, committed 6528K, reserved 1048576K
}
Event: 888.664 GC heap before
{Heap before GC invocations=83 (full 3):
 def new generation   total 13248K, used 12471K [0x00000000c0000000, 0x00000000c0e60000, 0x00000000d5550000)
  eden space 11776K, 100% used [0x00000000c0000000, 0x00000000c0b80000, 0x00000000c0b80000)
  from space 1472K,  47% used [0x00000000c0cf0000, 0x00000000c0d9ddf0, 0x00000000c0e60000)
  to   space 1472K,   0% used [0x00000000c0b80000, 0x00000000c0b80000, 0x00000000c0cf0000)
 tenured generation   total 29256K, used 25002K [0x00000000d5550000, 0x00000000d71e2000, 0x0000000100000000)
   the space 29256K,  85% used [0x00000000d5550000, 0x00000000d6dba958, 0x00000000d6dbaa00, 0x00000000d71e2000)
 Metaspace       used 46102K, capacity 46922K, committed 47232K, reserved 1089536K
  class space    used 6178K, capacity 6422K, committed 6528K, reserved 1048576K
Event: 888.668 GC heap after
Heap after GC invocations=84 (full 3):
 def new generation   total 13248K, used 843K [0x00000000c0000000, 0x00000000c0e60000, 0x00000000d5550000)
  eden space 11776K,   0% used [0x00000000c0000000, 0x00000000c0000000, 0x00000000c0b80000)
  from space 1472K,  57% used [0x00000000c0b80000, 0x00000000c0c52ed0, 0x00000000c0cf0000)
  to   space 1472K,   0% used [0x00000000c0cf0000, 0x00000000c0cf0000, 0x00000000c0e60000)
 tenured generation   total 29256K, used 25002K [0x00000000d5550000, 0x00000000d71e2000, 0x0000000100000000)
   the space 29256K,  85% used [0x00000000d5550000, 0x00000000d6dba958, 0x00000000d6dbaa00, 0x00000000d71e2000)
 Metaspace       used 46102K, capacity 46922K, committed 47232K, reserved 1089536K
  class space    used 6178K, capacity 6422K, committed 6528K, reserved 1048576K
}
Event: 888.764 GC heap before
{Heap before GC invocations=84 (full 3):
 def new generation   total 13248K, used 12619K [0x00000000c0000000, 0x00000000c0e60000, 0x00000000d5550000)
  eden space 11776K, 100% used [0x00000000c0000000, 0x00000000c0b80000, 0x00000000c0b80000)
  from space 1472K,  57% used [0x00000000c0b80000, 0x00000000c0c52ed0, 0x00000000c0cf0000)
  to   space 1472K,   0% used [0x00000000c0cf0000, 0x00000000c0cf0000, 0x00000000c0e60000)
 tenured generation   total 29256K, used 25002K [0x00000000d5550000, 0x00000000d71e2000, 0x0000000100000000)
   the space 29256K,  85% used [0x00000000d5550000, 0x00000000d6dba958, 0x00000000d6dbaa00, 0x00000000d71e2000)
 Metaspace       used 46105K, capacity 46922K, committed 47232K, reserved 1089536K
  class space    used 6178K, capacity 6422K, committed 6528K, reserved 1048576K
Event: 888.768 GC heap after
Heap after GC invocations=85 (full 3):
 def new generation   total 13248K, used 886K [0x00000000c0000000, 0x00000000c0e60000, 0x00000000d5550000)
  eden space 11776K,   0% used [0x00000000c0000000, 0x00000000c0000000, 0x00000000c0b80000)
  from space 1472K,  60% used [0x00000000c0cf0000, 0x00000000c0dcd800, 0x00000000c0e60000)
  to   space 1472K,   0% used [0x00000000c0b80000, 0x00000000c0b80000, 0x00000000c0cf0000)
 tenured generation   total 29256K, used 25180K [0x00000000d5550000, 0x00000000d71e2000, 0x0000000100000000)
   the space 29256K,  86% used [0x00000000d5550000, 0x00000000d6de7370, 0x00000000d6de7400, 0x00000000d71e2000)
 Metaspace       used 46105K, capacity 46922K, committed 47232K, reserved 1089536K
  class space    used 6178K, capacity 6422K, committed 6528K, reserved 1048576K
}
Event: 888.861 GC heap before
{Heap before GC invocations=85 (full 3):
 def new generation   total 13248K, used 12662K [0x00000000c0000000, 0x00000000c0e60000, 0x00000000d5550000)
  eden space 11776K, 100% used [0x00000000c0000000, 0x00000000c0b80000, 0x00000000c0b80000)
  from space 1472K,  60% used [0x00000000c0cf0000, 0x00000000c0dcd800, 0x00000000c0e60000)
  to   space 1472K,   0% used [0x00000000c0b80000, 0x00000000c0b80000, 0x00000000c0cf0000)
 tenured generation   total 29256K, used 25180K [0x00000000d5550000, 0x00000000d71e2000, 0x0000000100000000)
   the space 29256K,  86% used [0x00000000d5550000, 0x00000000d6de7370, 0x00000000d6de7400, 0x00000000d71e2000)
 Metaspace       used 46107K, capacity 46922K, committed 47232K, reserved 1089536K
  class space    used 6178K, capacity 6422K, committed 6528K, reserved 1048576K
Event: 888.866 GC heap after
Heap after GC invocations=86 (full 3):
 def new generation   total 13248K, used 835K [0x00000000c0000000, 0x00000000c0e60000, 0x00000000d5550000)
  eden space 11776K,   0% used [0x00000000c0000000, 0x00000000c0000000, 0x00000000c0b80000)
  from space 1472K,  56% used [0x00000000c0b80000, 0x00000000c0c50da8, 0x00000000c0cf0000)
  to   space 1472K,   0% used [0x00000000c0cf0000, 0x00000000c0cf0000, 0x00000000c0e60000)
 tenured generation   total 29256K, used 25398K [0x00000000d5550000, 0x00000000d71e2000, 0x0000000100000000)
   the space 29256K,  86% used [0x00000000d5550000, 0x00000000d6e1da28, 0x00000000d6e1dc00, 0x00000000d71e2000)
 Metaspace       used 46107K, capacity 46922K, committed 47232K, reserved 1089536K
  class space    used 6178K, capacity 6422K, committed 6528K, reserved 1048576K
}
Event: 888.939 GC heap before
{Heap before GC invocations=86 (full 3):
 def new generation   total 13248K, used 12611K [0x00000000c0000000, 0x00000000c0e60000, 0x00000000d5550000)
  eden space 11776K, 100% used [0x00000000c0000000, 0x00000000c0b80000, 0x00000000c0b80000)
  from space 1472K,  56% used [0x00000000c0b80000, 0x00000000c0c50da8, 0x00000000c0cf0000)
  to   space 1472K,   0% used [0x00000000c0cf0000, 0x00000000c0cf0000, 0x00000000c0e60000)
 tenured generation   total 29256K, used 25398K [0x00000000d5550000, 0x00000000d71e2000, 0x0000000100000000)
   the space 29256K,  86% used [0x00000000d5550000, 0x00000000d6e1da28, 0x00000000d6e1dc00, 0x00000000d71e2000)
 Metaspace       used 46137K, capacity 46954K, committed 47232K, reserved 1089536K
  class space    used 6185K, capacity 6454K, committed 6528K, reserved 1048576K
Event: 888.943 GC heap after
Heap after GC invocations=87 (full 3):
 def new generation   total 13248K, used 1047K [0x00000000c0000000, 0x00000000c0e60000, 0x00000000d5550000)
  eden space 11776K,   0% used [0x00000000c0000000, 0x00000000c0000000, 0x00000000c0b80000)
  from space 1472K,  71% used [0x00000000c0cf0000, 0x00000000c0df5f30, 0x00000000c0e60000)
  to   space 1472K,   0% used [0x00000000c0b80000, 0x00000000c0b80000, 0x00000000c0cf0000)
 tenured generation   total 29256K, used 25574K [0x00000000d5550000, 0x00000000d71e2000, 0x0000000100000000)
   the space 29256K,  87% used [0x00000000d5550000, 0x00000000d6e49bf0, 0x00000000d6e49c00, 0x00000000d71e2000)
 Metaspace       used 46137K, capacity 46954K, committed 47232K, reserved 1089536K
  class space    used 6185K, capacity 6454K, committed 6528K, reserved 1048576K
}
Event: 889.776 GC heap before
{Heap before GC invocations=87 (full 3):
 def new generation   total 13248K, used 12821K [0x00000000c0000000, 0x00000000c0e60000, 0x00000000d5550000)
  eden space 11776K,  99% used [0x00000000c0000000, 0x00000000c0b7f6e8, 0x00000000c0b80000)
  from space 1472K,  71% used [0x00000000c0cf0000, 0x00000000c0df5f30, 0x00000000c0e60000)
  to   space 1472K,   0% used [0x00000000c0b80000, 0x00000000c0b80000, 0x00000000c0cf0000)
 tenured generation   total 29256K, used 25574K [0x00000000d5550000, 0x00000000d71e2000, 0x0000000100000000)
   the space 29256K,  87% used [0x00000000d5550000, 0x00000000d6e49bf0, 0x00000000d6e49c00, 0x00000000d71e2000)
 Metaspace       used 46442K, capacity 47292K, committed 47488K, reserved 1089536K
  class space    used 6204K, capacity 6460K, committed 6528K, reserved 1048576K
Event: 889.781 GC heap after
Heap after GC invocations=88 (full 3):
 def new generation   total 13248K, used 1335K [0x00000000c0000000, 0x00000000c0e60000, 0x00000000d5550000)
  eden space 11776K,   0% used [0x00000000c0000000, 0x00000000c0000000, 0x00000000c0b80000)
  from space 1472K,  90% used [0x00000000c0b80000, 0x00000000c0ccddb8, 0x00000000c0cf0000)
  to   space 1472K,   0% used [0x00000000c0cf0000, 0x00000000c0cf0000, 0x00000000c0e60000)
 tenured generation   total 29256K, used 25940K [0x00000000d5550000, 0x00000000d71e2000, 0x0000000100000000)
   the space 29256K,  88% used [0x00000000d5550000, 0x00000000d6ea5130, 0x00000000d6ea5200, 0x00000000d71e2000)
 Metaspace       used 46442K, capacity 47292K, committed 47488K, reserved 1089536K
  class space    used 6204K, capacity 6460K, committed 6528K, reserved 1048576K
}
Event: 890.452 GC heap before
{Heap before GC invocations=88 (full 3):
 def new generation   total 13248K, used 13111K [0x00000000c0000000, 0x00000000c0e60000, 0x00000000d5550000)
  eden space 11776K, 100% used [0x00000000c0000000, 0x00000000c0b80000, 0x00000000c0b80000)
  from space 1472K,  90% used [0x00000000c0b80000, 0x00000000c0ccddb8, 0x00000000c0cf0000)
  to   space 1472K,   0% used [0x00000000c0cf0000, 0x00000000c0cf0000, 0x00000000c0e60000)
 tenured generation   total 29256K, used 25940K [0x00000000d5550000, 0x00000000d71e2000, 0x0000000100000000)
   the space 29256K,  88% used [0x00000000d5550000, 0x00000000d6ea5130, 0x00000000d6ea5200, 0x00000000d71e2000)
 Metaspace       used 46452K, capacity 47292K, committed 47488K, reserved 1089536K
  class space    used 6204K, capacity 6460K, committed 6528K, reserved 1048576K
Event: 890.458 GC heap after
Heap after GC invocations=89 (full 3):
 def new generation   total 13248K, used 1060K [0x00000000c0000000, 0x00000000c0e60000, 0x00000000d5550000)
  eden space 11776K,   0% used [0x00000000c0000000, 0x00000000c0000000, 0x00000000c0b80000)
  from space 1472K,  72% used [0x00000000c0cf0000, 0x00000000c0df9270, 0x00000000c0e60000)
  to   space 1472K,   0% used [0x00000000c0b80000, 0x00000000c0b80000, 0x00000000c0cf0000)
 tenured generation   total 29256K, used 27113K [0x00000000d5550000, 0x00000000d71e2000, 0x0000000100000000)
   the space 29256K,  92% used [0x00000000d5550000, 0x00000000d6fca568, 0x00000000d6fca600, 0x00000000d71e2000)
 Metaspace       used 46452K, capacity 47292K, committed 47488K, reserved 1089536K
  class space    used 6204K, capacity 6460K, committed 6528K, reserved 1048576K
}
Event: 891.130 GC heap before
{Heap before GC invocations=89 (full 3):
 def new generation   total 13248K, used 12836K [0x00000000c0000000, 0x00000000c0e60000, 0x00000000d5550000)
  eden space 11776K, 100% used [0x00000000c0000000, 0x00000000c0b80000, 0x00000000c0b80000)
  from space 1472K,  72% used [0x00000000c0cf0000, 0x00000000c0df9270, 0x00000000c0e60000)
  to   space 1472K,   0% used [0x00000000c0b80000, 0x00000000c0b80000, 0x00000000c0cf0000)
 tenured generation   total 29256K, used 27113K [0x00000000d5550000, 0x00000000d71e2000, 0x0000000100000000)
   the space 29256K,  92% used [0x00000000d5550000, 0x00000000d6fca568, 0x00000000d6fca600, 0x00000000d71e2000)
 Metaspace       used 46459K, capacity 47356K, committed 47488K, reserved 1089536K
  class space    used 6204K, capacity 6460K, committed 6528K, reserved 1048576K
Event: 891.136 GC heap after
Heap after GC invocations=90 (full 3):
 def new generation   total 13248K, used 1150K [0x00000000c0000000, 0x00000000c0e60000, 0x00000000d5550000)
  eden space 11776K,   0% used [0x00000000c0000000, 0x00000000c0000000, 0x00000000c0b80000)
  from space 1472K,  78% used [0x00000000c0b80000, 0x00000000c0c9fab8, 0x00000000c0cf0000)
  to   space 1472K,   0% used [0x00000000c0cf0000, 0x00000000c0cf0000, 0x00000000c0e60000)
 tenured generation   total 29256K, used 28046K [0x00000000d5550000, 0x00000000d71e2000, 0x0000000100000000)
   the space 29256K,  95% used [0x00000000d5550000, 0x00000000d70b3b50, 0x00000000d70b3c00, 0x00000000d71e2000)
 Metaspace       used 46459K, capacity 47356K, committed 47488K, reserved 1089536K
  class space    used 6204K, capacity 6460K, committed 6528K, reserved 1048576K
}

